Valores duplicados encontrados:
Valor: , Total: 1561
Valor: a:0:{}, Total: 6
Valor: a:1:{i:0;i:16;}, Total: 36903
Valor: a:1:{i:0;i:27;}, Total: 33818
Valor: a:1:{i:0;i:29;}, Total: 2
Valor: a:1:{i:0;i:34;}, Total: 29862
Valor: a:1:{i:0;s:2:"16";}, Total: 6743
Valor: a:1:{i:0;s:2:"27";}, Total: 4749
Valor: a:1:{i:0;s:2:"34";}, Total: 2462
Valor: a:1:{i:0;s:2:"40";}, Total: 55
Valor: a:1:{i:0;s:2:"44";}, Total: 1317
Valor: a:1:{i:0;s:3:"484";}, Total: 477
Valor: a:10:{i:0;i:16;i:1;i:18;i:2;i:20;i:3;i:21;i:4;i:16;i:5;i:18;i:6;i:20;i:7;i:21;i:8;i:484;i:9;i:488;}, Total: 2
Valor: a:11:{i:0;i:16;i:1;i:18;i:2;i:21;i:3;i:27;i:4;i:16;i:5;i:29;i:6;i:31;i:7;i:484;i:8;i:486;i:9;i:487;i:10;i:485;}, Total: 2
Valor: a:13:{i:0;i:16;i:1;i:17;i:2;i:18;i:3;i:20;i:4;i:21;i:5;i:27;i:6;i:16;i:7;i:29;i:8;i:30;i:9;i:31;i:10;i:32;i:11;i:484;i:12;i:486;}, Total: 2
Valor: a:2:{i:0;i:16;i:1;i:1579;}, Total: 546
Valor: a:2:{i:0;i:16;i:1;i:16;}, Total: 471
Valor: a:2:{i:0;i:16;i:1;i:17;}, Total: 14836
Valor: a:2:{i:0;i:16;i:1;i:18;}, Total: 7929
Valor: a:2:{i:0;i:16;i:1;i:20;}, Total: 14371
Valor: a:2:{i:0;i:16;i:1;i:21;}, Total: 1217
Valor: a:2:{i:0;i:16;i:1;i:22;}, Total: 21
Valor: a:2:{i:0;i:16;i:1;i:23;}, Total: 48
Valor: a:2:{i:0;i:16;i:1;i:24;}, Total: 41
Valor: a:2:{i:0;i:16;i:1;i:25;}, Total: 16
Valor: a:2:{i:0;i:16;i:1;i:27;}, Total: 459
Valor: a:2:{i:0;i:16;i:1;i:34;}, Total: 532
Valor: a:2:{i:0;i:16;i:2;i:27;}, Total: 2
Valor: a:2:{i:0;i:27;i:1;i:16;}, Total: 763
Valor: a:2:{i:0;i:27;i:1;i:27;}, Total: 101
Valor: a:2:{i:0;i:27;i:1;i:28;}, Total: 40
Valor: a:2:{i:0;i:27;i:1;i:29;}, Total: 1214
Valor: a:2:{i:0;i:27;i:1;i:30;}, Total: 555
Valor: a:2:{i:0;i:27;i:1;i:31;}, Total: 2535
Valor: a:2:{i:0;i:27;i:1;i:32;}, Total: 23
Valor: a:2:{i:0;i:27;i:1;i:33;}, Total: 9
Valor: a:2:{i:0;i:27;i:1;i:34;}, Total: 30
Valor: a:2:{i:0;i:27;i:1;i:40;}, Total: 44
Valor: a:2:{i:0;i:29;i:1;i:30;}, Total: 2
Valor: a:2:{i:0;i:34;i:1;i:16;}, Total: 316
Valor: a:2:{i:0;i:34;i:1;i:27;}, Total: 9
Valor: a:2:{i:0;i:34;i:1;i:34;}, Total: 276
Valor: a:2:{i:0;i:34;i:1;i:35;}, Total: 7
Valor: a:2:{i:0;i:34;i:1;i:36;}, Total: 8
Valor: a:2:{i:0;i:34;i:1;i:37;}, Total: 2
Valor: a:2:{i:0;i:34;i:1;i:39;}, Total: 10
Valor: a:2:{i:0;i:34;i:1;i:40;}, Total: 5
Valor: a:2:{i:0;i:44;i:1;i:46;}, Total: 12379
Valor: a:2:{i:0;i:484;i:1;i:485;}, Total: 31
Valor: a:2:{i:0;s:2:"16";i:1;s:2:"17";}, Total: 18
Valor: a:2:{i:0;s:2:"16";i:1;s:2:"18";}, Total: 4
Valor: a:2:{i:0;s:2:"16";i:1;s:2:"20";}, Total: 96
Valor: a:2:{i:0;s:2:"16";i:1;s:2:"21";}, Total: 10
Valor: a:2:{i:0;s:2:"16";i:1;s:2:"24";}, Total: 3
Valor: a:2:{i:0;s:2:"16";i:1;s:2:"27";}, Total: 264
Valor: a:2:{i:0;s:2:"16";i:1;s:2:"34";}, Total: 82
Valor: a:2:{i:0;s:2:"16";i:1;s:2:"40";}, Total: 24
Valor: a:2:{i:0;s:2:"16";i:1;s:3:"484";}, Total: 1860
Valor: a:2:{i:0;s:2:"27";i:1;s:2:"16";}, Total: 127
Valor: a:2:{i:0;s:2:"27";i:1;s:2:"29";}, Total: 2
Valor: a:2:{i:0;s:2:"27";i:1;s:2:"30";}, Total: 6
Valor: a:2:{i:0;s:2:"27";i:1;s:2:"31";}, Total: 34
Valor: a:2:{i:0;s:2:"27";i:1;s:2:"40";}, Total: 90
Valor: a:2:{i:0;s:2:"34";i:1;s:2:"16";}, Total: 178
Valor: a:2:{i:0;s:2:"34";i:1;s:2:"27";}, Total: 3
Valor: a:2:{i:0;s:2:"34";i:1;s:2:"34";}, Total: 3
Valor: a:2:{i:0;s:2:"34";i:1;s:2:"35";}, Total: 10
Valor: a:2:{i:0;s:2:"34";i:1;s:2:"36";}, Total: 13
Valor: a:2:{i:0;s:2:"34";i:1;s:2:"37";}, Total: 2
Valor: a:2:{i:0;s:2:"40";i:1;s:2:"16";}, Total: 3
Valor: a:2:{i:0;s:2:"40";i:1;s:2:"27";}, Total: 4
Valor: a:2:{i:0;s:2:"40";i:1;s:2:"34";}, Total: 2
Valor: a:2:{i:0;s:2:"44";i:1;s:2:"46";}, Total: 96
Valor: a:2:{i:0;s:2:"44";i:1;s:3:"484";}, Total: 160
Valor: a:2:{i:0;s:2:"47";i:1;s:2:"16";}, Total: 2
Valor: a:2:{i:0;s:3:"484";i:1;s:2:"16";}, Total: 123
Valor: a:2:{i:0;s:3:"484";i:1;s:2:"44";}, Total: 2
Valor: a:2:{i:0;s:3:"484";i:1;s:3:"485";}, Total: 2
Valor: a:2:{i:0;s:3:"484";i:1;s:3:"486";}, Total: 5
Valor: a:3:{i:0;i:16;i:1;i:1579;i:2;i:21;}, Total: 17
Valor: a:3:{i:0;i:16;i:1;i:1579;i:2;i:27;}, Total: 8
Valor: a:3:{i:0;i:16;i:1;i:16;i:2;i:25;}, Total: 36
Valor: a:3:{i:0;i:16;i:1;i:17;i:2;i:1579;}, Total: 281
Valor: a:3:{i:0;i:16;i:1;i:17;i:2;i:16;}, Total: 197
Valor: a:3:{i:0;i:16;i:1;i:17;i:2;i:18;}, Total: 1168
Valor: a:3:{i:0;i:16;i:1;i:17;i:2;i:20;}, Total: 3934
Valor: a:3:{i:0;i:16;i:1;i:17;i:2;i:21;}, Total: 85
Valor: a:3:{i:0;i:16;i:1;i:17;i:2;i:22;}, Total: 13
Valor: a:3:{i:0;i:16;i:1;i:17;i:2;i:23;}, Total: 4
Valor: a:3:{i:0;i:16;i:1;i:17;i:2;i:27;}, Total: 68
Valor: a:3:{i:0;i:16;i:1;i:17;i:2;i:34;}, Total: 68
Valor: a:3:{i:0;i:16;i:1;i:18;i:2;i:1579;}, Total: 280
Valor: a:3:{i:0;i:16;i:1;i:18;i:2;i:16;}, Total: 197
Valor: a:3:{i:0;i:16;i:1;i:18;i:2;i:20;}, Total: 2319
Valor: a:3:{i:0;i:16;i:1;i:18;i:2;i:21;}, Total: 526
Valor: a:3:{i:0;i:16;i:1;i:18;i:2;i:22;}, Total: 8
Valor: a:3:{i:0;i:16;i:1;i:18;i:2;i:27;}, Total: 305
Valor: a:3:{i:0;i:16;i:1;i:18;i:2;i:34;}, Total: 177
Valor: a:3:{i:0;i:16;i:1;i:20;i:2;i:1579;}, Total: 428
Valor: a:3:{i:0;i:16;i:1;i:20;i:2;i:16;}, Total: 294
Valor: a:3:{i:0;i:16;i:1;i:20;i:2;i:20;}, Total: 6
Valor: a:3:{i:0;i:16;i:1;i:20;i:2;i:21;}, Total: 1218
Valor: a:3:{i:0;i:16;i:1;i:20;i:2;i:22;}, Total: 24
Valor: a:3:{i:0;i:16;i:1;i:20;i:2;i:23;}, Total: 90
Valor: a:3:{i:0;i:16;i:1;i:20;i:2;i:24;}, Total: 106
Valor: a:3:{i:0;i:16;i:1;i:20;i:2;i:27;}, Total: 192
Valor: a:3:{i:0;i:16;i:1;i:20;i:2;i:34;}, Total: 196
Valor: a:3:{i:0;i:16;i:1;i:20;i:2;i:40;}, Total: 8
Valor: a:3:{i:0;i:16;i:1;i:21;i:2;i:16;}, Total: 40
Valor: a:3:{i:0;i:16;i:1;i:21;i:2;i:22;}, Total: 19
Valor: a:3:{i:0;i:16;i:1;i:21;i:2;i:23;}, Total: 3
Valor: a:3:{i:0;i:16;i:1;i:21;i:2;i:24;}, Total: 2
Valor: a:3:{i:0;i:16;i:1;i:21;i:2;i:27;}, Total: 50
Valor: a:3:{i:0;i:16;i:1;i:21;i:2;i:34;}, Total: 284
Valor: a:3:{i:0;i:16;i:1;i:22;i:2;i:27;}, Total: 11
Valor: a:3:{i:0;i:16;i:1;i:22;i:2;i:34;}, Total: 2
Valor: a:3:{i:0;i:16;i:1;i:23;i:2;i:27;}, Total: 3
Valor: a:3:{i:0;i:16;i:1;i:23;i:2;i:34;}, Total: 4
Valor: a:3:{i:0;i:16;i:1;i:24;i:2;i:27;}, Total: 3
Valor: a:3:{i:0;i:16;i:1;i:24;i:2;i:34;}, Total: 2
Valor: a:3:{i:0;i:16;i:1;i:27;i:2;i:16;}, Total: 24
Valor: a:3:{i:0;i:16;i:1;i:27;i:2;i:27;}, Total: 2
Valor: a:3:{i:0;i:16;i:1;i:27;i:2;i:29;}, Total: 30
Valor: a:3:{i:0;i:16;i:1;i:27;i:2;i:30;}, Total: 16
Valor: a:3:{i:0;i:16;i:1;i:27;i:2;i:31;}, Total: 162
Valor: a:3:{i:0;i:16;i:1;i:27;i:2;i:34;}, Total: 36
Valor: a:3:{i:0;i:16;i:1;i:34;i:2;i:16;}, Total: 14
Valor: a:3:{i:0;i:16;i:1;i:34;i:2;i:34;}, Total: 10
Valor: a:3:{i:0;i:16;i:1;i:484;i:2;i:485;}, Total: 1224
Valor: a:3:{i:0;i:16;i:1;i:484;i:2;i:486;}, Total: 842
Valor: a:3:{i:0;i:16;i:1;i:484;i:2;i:487;}, Total: 536
Valor: a:3:{i:0;i:16;i:1;i:484;i:2;i:488;}, Total: 431
Valor: a:3:{i:0;i:27;i:1;i:16;i:2;i:29;}, Total: 2
Valor: a:3:{i:0;i:27;i:1;i:16;i:2;i:31;}, Total: 10
Valor: a:3:{i:0;i:27;i:1;i:27;i:2;i:29;}, Total: 2
Valor: a:3:{i:0;i:27;i:1;i:27;i:2;i:30;}, Total: 24
Valor: a:3:{i:0;i:27;i:1;i:27;i:2;i:31;}, Total: 184
Valor: a:3:{i:0;i:27;i:1;i:27;i:2;i:32;}, Total: 3
Valor: a:3:{i:0;i:27;i:1;i:28;i:2;i:30;}, Total: 22
Valor: a:3:{i:0;i:27;i:1;i:28;i:2;i:31;}, Total: 31
Valor: a:3:{i:0;i:27;i:1;i:29;i:2;i:30;}, Total: 6287
Valor: a:3:{i:0;i:27;i:1;i:29;i:2;i:31;}, Total: 1082
Valor: a:3:{i:0;i:27;i:1;i:29;i:2;i:32;}, Total: 455
Valor: a:3:{i:0;i:27;i:1;i:29;i:2;i:33;}, Total: 8
Valor: a:3:{i:0;i:27;i:1;i:30;i:2;i:31;}, Total: 721
Valor: a:3:{i:0;i:27;i:1;i:30;i:2;i:32;}, Total: 25
Valor: a:3:{i:0;i:27;i:1;i:30;i:2;i:33;}, Total: 6
Valor: a:3:{i:0;i:27;i:1;i:31;i:2;i:32;}, Total: 696
Valor: a:3:{i:0;i:27;i:1;i:31;i:2;i:33;}, Total: 3
Valor: a:3:{i:0;i:27;i:1;i:34;i:2;i:27;}, Total: 2
Valor: a:3:{i:0;i:27;i:1;i:34;i:2;i:29;}, Total: 10
Valor: a:3:{i:0;i:27;i:1;i:34;i:2;i:30;}, Total: 4
Valor: a:3:{i:0;i:27;i:1;i:34;i:2;i:31;}, Total: 17
Valor: a:3:{i:0;i:27;i:1;i:40;i:2;i:30;}, Total: 7
Valor: a:3:{i:0;i:27;i:1;i:484;i:2;i:485;}, Total: 2848
Valor: a:3:{i:0;i:27;i:1;i:484;i:2;i:486;}, Total: 2413
Valor: a:3:{i:0;i:27;i:1;i:484;i:2;i:487;}, Total: 469
Valor: a:3:{i:0;i:27;i:1;i:484;i:2;i:488;}, Total: 683
Valor: a:3:{i:0;i:34;i:1;i:27;i:2;i:34;}, Total: 2
Valor: a:3:{i:0;i:34;i:1;i:34;i:2;i:34;}, Total: 4
Valor: a:3:{i:0;i:34;i:1;i:35;i:2;i:34;}, Total: 47
Valor: a:3:{i:0;i:34;i:1;i:36;i:2;i:34;}, Total: 69
Valor: a:3:{i:0;i:34;i:1;i:36;i:2;i:37;}, Total: 2
Valor: a:3:{i:0;i:34;i:1;i:37;i:2;i:34;}, Total: 45
Valor: a:3:{i:0;i:34;i:1;i:38;i:2;i:34;}, Total: 2
Valor: a:3:{i:0;i:34;i:1;i:39;i:2;i:34;}, Total: 3
Valor: a:3:{i:0;i:34;i:1;i:40;i:2;i:42;}, Total: 2
Valor: a:3:{i:0;i:34;i:1;i:40;i:2;i:43;}, Total: 2
Valor: a:3:{i:0;i:34;i:1;i:484;i:2;i:485;}, Total: 895
Valor: a:3:{i:0;i:34;i:1;i:484;i:2;i:486;}, Total: 2128
Valor: a:3:{i:0;i:34;i:1;i:484;i:2;i:487;}, Total: 337
Valor: a:3:{i:0;i:34;i:1;i:484;i:2;i:488;}, Total: 582
Valor: a:3:{i:0;s:2:"16";i:1;s:2:"17";i:2;s:2:"18";}, Total: 3
Valor: a:3:{i:0;s:2:"16";i:1;s:2:"17";i:2;s:2:"20";}, Total: 18
Valor: a:3:{i:0;s:2:"16";i:1;s:2:"18";i:2;s:2:"20";}, Total: 11
Valor: a:3:{i:0;s:2:"16";i:1;s:2:"18";i:2;s:2:"21";}, Total: 4
Valor: a:3:{i:0;s:2:"16";i:1;s:2:"20";i:2;s:2:"21";}, Total: 19
Valor: a:3:{i:0;s:2:"16";i:1;s:2:"20";i:2;s:2:"24";}, Total: 8
Valor: a:3:{i:0;s:2:"16";i:1;s:2:"20";i:2;s:2:"25";}, Total: 2
Valor: a:3:{i:0;s:2:"16";i:1;s:2:"27";i:2;s:2:"34";}, Total: 105
Valor: a:3:{i:0;s:2:"16";i:1;s:2:"27";i:2;s:3:"484";}, Total: 42
Valor: a:3:{i:0;s:2:"16";i:1;s:2:"34";i:2;s:2:"27";}, Total: 25
Valor: a:3:{i:0;s:2:"16";i:1;s:2:"34";i:2;s:3:"484";}, Total: 16
Valor: a:3:{i:0;s:2:"16";i:1;s:2:"40";i:2;s:3:"484";}, Total: 8
Valor: a:3:{i:0;s:2:"16";i:1;s:3:"484";i:2;s:2:"27";}, Total: 19
Valor: a:3:{i:0;s:2:"16";i:1;s:3:"484";i:2;s:2:"34";}, Total: 13
Valor: a:3:{i:0;s:2:"16";i:1;s:3:"484";i:2;s:2:"40";}, Total: 2
Valor: a:3:{i:0;s:2:"16";i:1;s:3:"484";i:2;s:3:"485";}, Total: 37
Valor: a:3:{i:0;s:2:"16";i:1;s:3:"484";i:2;s:3:"486";}, Total: 73
Valor: a:3:{i:0;s:2:"16";i:1;s:3:"484";i:2;s:3:"487";}, Total: 78
Valor: a:3:{i:0;s:2:"16";i:1;s:3:"484";i:2;s:3:"488";}, Total: 48
Valor: a:3:{i:0;s:2:"27";i:1;s:2:"16";i:2;s:2:"34";}, Total: 6
Valor: a:3:{i:0;s:2:"27";i:1;s:2:"16";i:2;s:2:"44";}, Total: 2
Valor: a:3:{i:0;s:2:"27";i:1;s:2:"16";i:2;s:3:"484";}, Total: 3
Valor: a:3:{i:0;s:2:"27";i:1;s:2:"29";i:2;s:2:"30";}, Total: 39
Valor: a:3:{i:0;s:2:"27";i:1;s:2:"30";i:2;s:2:"31";}, Total: 5
Valor: a:3:{i:0;s:2:"27";i:1;s:2:"31";i:2;s:2:"32";}, Total: 12
Valor: a:3:{i:0;s:2:"27";i:1;s:2:"40";i:2;s:2:"31";}, Total: 5
Valor: a:3:{i:0;s:2:"27";i:1;s:2:"40";i:2;s:2:"32";}, Total: 2
Valor: a:3:{i:0;s:2:"27";i:1;s:3:"484";i:2;s:3:"485";}, Total: 27
Valor: a:3:{i:0;s:2:"27";i:1;s:3:"484";i:2;s:3:"486";}, Total: 94
Valor: a:3:{i:0;s:2:"27";i:1;s:3:"484";i:2;s:3:"487";}, Total: 8
Valor: a:3:{i:0;s:2:"27";i:1;s:3:"484";i:2;s:3:"488";}, Total: 31
Valor: a:3:{i:0;s:2:"34";i:1;s:2:"16";i:2;s:2:"27";}, Total: 9
Valor: a:3:{i:0;s:2:"34";i:1;s:2:"35";i:2;s:2:"34";}, Total: 5
Valor: a:3:{i:0;s:2:"34";i:1;s:2:"35";i:2;s:2:"36";}, Total: 11
Valor: a:3:{i:0;s:2:"34";i:1;s:2:"35";i:2;s:2:"37";}, Total: 6
Valor: a:3:{i:0;s:2:"34";i:1;s:2:"36";i:2;s:2:"34";}, Total: 3
Valor: a:3:{i:0;s:2:"34";i:1;s:2:"40";i:2;s:2:"16";}, Total: 3
Valor: a:3:{i:0;s:2:"34";i:1;s:3:"484";i:2;s:3:"485";}, Total: 3
Valor: a:3:{i:0;s:2:"34";i:1;s:3:"484";i:2;s:3:"486";}, Total: 40
Valor: a:3:{i:0;s:2:"34";i:1;s:3:"484";i:2;s:3:"487";}, Total: 3
Valor: a:3:{i:0;s:2:"34";i:1;s:3:"484";i:2;s:3:"488";}, Total: 6
Valor: a:3:{i:0;s:2:"44";i:1;s:3:"484";i:2;s:3:"485";}, Total: 3
Valor: a:3:{i:0;s:2:"44";i:1;s:3:"484";i:2;s:3:"486";}, Total: 20
Valor: a:3:{i:0;s:2:"44";i:1;s:3:"484";i:2;s:3:"487";}, Total: 6
Valor: a:3:{i:0;s:2:"44";i:1;s:3:"484";i:2;s:3:"488";}, Total: 2
Valor: a:3:{i:0;s:3:"484";i:1;s:2:"16";i:2;s:2:"27";}, Total: 2
Valor: a:4:{i:0;i:16;i:1;i:16;i:2;i:484;i:3;i:485;}, Total: 20
Valor: a:4:{i:0;i:16;i:1;i:16;i:2;i:484;i:3;i:486;}, Total: 193
Valor: a:4:{i:0;i:16;i:1;i:16;i:2;i:484;i:3;i:487;}, Total: 17
Valor: a:4:{i:0;i:16;i:1;i:16;i:2;i:484;i:3;i:488;}, Total: 4
Valor: a:4:{i:0;i:16;i:1;i:17;i:2;i:1579;i:3;i:21;}, Total: 2
Valor: a:4:{i:0;i:16;i:1;i:17;i:2;i:1579;i:3;i:27;}, Total: 5
Valor: a:4:{i:0;i:16;i:1;i:17;i:2;i:16;i:3;i:25;}, Total: 4
Valor: a:4:{i:0;i:16;i:1;i:17;i:2;i:18;i:3;i:1579;}, Total: 56
Valor: a:4:{i:0;i:16;i:1;i:17;i:2;i:18;i:3;i:16;}, Total: 14
Valor: a:4:{i:0;i:16;i:1;i:17;i:2;i:18;i:3;i:20;}, Total: 1105
Valor: a:4:{i:0;i:16;i:1;i:17;i:2;i:18;i:3;i:21;}, Total: 188
Valor: a:4:{i:0;i:16;i:1;i:17;i:2;i:18;i:3;i:22;}, Total: 2
Valor: a:4:{i:0;i:16;i:1;i:17;i:2;i:18;i:3;i:24;}, Total: 3
Valor: a:4:{i:0;i:16;i:1;i:17;i:2;i:18;i:3;i:27;}, Total: 42
Valor: a:4:{i:0;i:16;i:1;i:17;i:2;i:18;i:3;i:34;}, Total: 33
Valor: a:4:{i:0;i:16;i:1;i:17;i:2;i:20;i:3;i:1579;}, Total: 122
Valor: a:4:{i:0;i:16;i:1;i:17;i:2;i:20;i:3;i:16;}, Total: 156
Valor: a:4:{i:0;i:16;i:1;i:17;i:2;i:20;i:3;i:21;}, Total: 181
Valor: a:4:{i:0;i:16;i:1;i:17;i:2;i:20;i:3;i:22;}, Total: 12
Valor: a:4:{i:0;i:16;i:1;i:17;i:2;i:20;i:3;i:23;}, Total: 10
Valor: a:4:{i:0;i:16;i:1;i:17;i:2;i:20;i:3;i:27;}, Total: 39
Valor: a:4:{i:0;i:16;i:1;i:17;i:2;i:20;i:3;i:34;}, Total: 43
Valor: a:4:{i:0;i:16;i:1;i:17;i:2;i:21;i:3;i:16;}, Total: 3
Valor: a:4:{i:0;i:16;i:1;i:17;i:2;i:21;i:3;i:22;}, Total: 4
Valor: a:4:{i:0;i:16;i:1;i:17;i:2;i:21;i:3;i:23;}, Total: 3
Valor: a:4:{i:0;i:16;i:1;i:17;i:2;i:21;i:3;i:27;}, Total: 10
Valor: a:4:{i:0;i:16;i:1;i:17;i:2;i:21;i:3;i:34;}, Total: 23
Valor: a:4:{i:0;i:16;i:1;i:17;i:2;i:22;i:3;i:16;}, Total: 2
Valor: a:4:{i:0;i:16;i:1;i:17;i:2;i:27;i:3;i:16;}, Total: 2
Valor: a:4:{i:0;i:16;i:1;i:17;i:2;i:27;i:3;i:31;}, Total: 20
Valor: a:4:{i:0;i:16;i:1;i:17;i:2;i:34;i:3;i:16;}, Total: 4
Valor: a:4:{i:0;i:16;i:1;i:17;i:2;i:484;i:3;i:485;}, Total: 1381
Valor: a:4:{i:0;i:16;i:1;i:17;i:2;i:484;i:3;i:486;}, Total: 1068
Valor: a:4:{i:0;i:16;i:1;i:17;i:2;i:484;i:3;i:487;}, Total: 654
Valor: a:4:{i:0;i:16;i:1;i:17;i:2;i:484;i:3;i:488;}, Total: 595
Valor: a:4:{i:0;i:16;i:1;i:18;i:2;i:1579;i:3;i:21;}, Total: 19
Valor: a:4:{i:0;i:16;i:1;i:18;i:2;i:1579;i:3;i:27;}, Total: 8
Valor: a:4:{i:0;i:16;i:1;i:18;i:2;i:1579;i:3;i:34;}, Total: 6
Valor: a:4:{i:0;i:16;i:1;i:18;i:2;i:16;i:3;i:25;}, Total: 11
Valor: a:4:{i:0;i:16;i:1;i:18;i:2;i:20;i:3;i:1579;}, Total: 89
Valor: a:4:{i:0;i:16;i:1;i:18;i:2;i:20;i:3;i:16;}, Total: 81
Valor: a:4:{i:0;i:16;i:1;i:18;i:2;i:20;i:3;i:21;}, Total: 429
Valor: a:4:{i:0;i:16;i:1;i:18;i:2;i:20;i:3;i:22;}, Total: 9
Valor: a:4:{i:0;i:16;i:1;i:18;i:2;i:20;i:3;i:27;}, Total: 118
Valor: a:4:{i:0;i:16;i:1;i:18;i:2;i:20;i:3;i:34;}, Total: 68
Valor: a:4:{i:0;i:16;i:1;i:18;i:2;i:20;i:3;i:40;}, Total: 2
Valor: a:4:{i:0;i:16;i:1;i:18;i:2;i:21;i:3;i:16;}, Total: 23
Valor: a:4:{i:0;i:16;i:1;i:18;i:2;i:21;i:3;i:22;}, Total: 8
Valor: a:4:{i:0;i:16;i:1;i:18;i:2;i:21;i:3;i:27;}, Total: 20
Valor: a:4:{i:0;i:16;i:1;i:18;i:2;i:21;i:3;i:34;}, Total: 125
Valor: a:4:{i:0;i:16;i:1;i:18;i:2;i:22;i:3;i:27;}, Total: 2
Valor: a:4:{i:0;i:16;i:1;i:18;i:2;i:27;i:3;i:16;}, Total: 3
Valor: a:4:{i:0;i:16;i:1;i:18;i:2;i:27;i:3;i:29;}, Total: 8
Valor: a:4:{i:0;i:16;i:1;i:18;i:2;i:27;i:3;i:31;}, Total: 83
Valor: a:4:{i:0;i:16;i:1;i:18;i:2;i:27;i:3;i:34;}, Total: 3
Valor: a:4:{i:0;i:16;i:1;i:18;i:2;i:34;i:3;i:16;}, Total: 2
Valor: a:4:{i:0;i:16;i:1;i:18;i:2;i:484;i:3;i:485;}, Total: 593
Valor: a:4:{i:0;i:16;i:1;i:18;i:2;i:484;i:3;i:486;}, Total: 705
Valor: a:4:{i:0;i:16;i:1;i:18;i:2;i:484;i:3;i:487;}, Total: 265
Valor: a:4:{i:0;i:16;i:1;i:18;i:2;i:484;i:3;i:488;}, Total: 399
Valor: a:4:{i:0;i:16;i:1;i:20;i:2;i:1579;i:3;i:21;}, Total: 6
Valor: a:4:{i:0;i:16;i:1;i:20;i:2;i:1579;i:3;i:27;}, Total: 3
Valor: a:4:{i:0;i:16;i:1;i:20;i:2;i:16;i:3;i:20;}, Total: 2
Valor: a:4:{i:0;i:16;i:1;i:20;i:2;i:16;i:3;i:25;}, Total: 100
Valor: a:4:{i:0;i:16;i:1;i:20;i:2;i:20;i:3;i:21;}, Total: 2
Valor: a:4:{i:0;i:16;i:1;i:20;i:2;i:21;i:3;i:16;}, Total: 65
Valor: a:4:{i:0;i:16;i:1;i:20;i:2;i:21;i:3;i:22;}, Total: 20
Valor: a:4:{i:0;i:16;i:1;i:20;i:2;i:21;i:3;i:23;}, Total: 5
Valor: a:4:{i:0;i:16;i:1;i:20;i:2;i:21;i:3;i:24;}, Total: 4
Valor: a:4:{i:0;i:16;i:1;i:20;i:2;i:21;i:3;i:27;}, Total: 29
Valor: a:4:{i:0;i:16;i:1;i:20;i:2;i:21;i:3;i:34;}, Total: 85
Valor: a:4:{i:0;i:16;i:1;i:20;i:2;i:22;i:3;i:16;}, Total: 2
Valor: a:4:{i:0;i:16;i:1;i:20;i:2;i:22;i:3;i:27;}, Total: 5
Valor: a:4:{i:0;i:16;i:1;i:20;i:2;i:22;i:3;i:34;}, Total: 2
Valor: a:4:{i:0;i:16;i:1;i:20;i:2;i:23;i:3;i:27;}, Total: 5
Valor: a:4:{i:0;i:16;i:1;i:20;i:2;i:23;i:3;i:34;}, Total: 8
Valor: a:4:{i:0;i:16;i:1;i:20;i:2;i:24;i:3;i:16;}, Total: 11
Valor: a:4:{i:0;i:16;i:1;i:20;i:2;i:24;i:3;i:34;}, Total: 2
Valor: a:4:{i:0;i:16;i:1;i:20;i:2;i:27;i:3;i:16;}, Total: 3
Valor: a:4:{i:0;i:16;i:1;i:20;i:2;i:27;i:3;i:29;}, Total: 19
Valor: a:4:{i:0;i:16;i:1;i:20;i:2;i:27;i:3;i:30;}, Total: 3
Valor: a:4:{i:0;i:16;i:1;i:20;i:2;i:27;i:3;i:31;}, Total: 98
Valor: a:4:{i:0;i:16;i:1;i:20;i:2;i:27;i:3;i:32;}, Total: 2
Valor: a:4:{i:0;i:16;i:1;i:20;i:2;i:27;i:3;i:34;}, Total: 25
Valor: a:4:{i:0;i:16;i:1;i:20;i:2;i:34;i:3;i:16;}, Total: 7
Valor: a:4:{i:0;i:16;i:1;i:20;i:2;i:34;i:3;i:34;}, Total: 18
Valor: a:4:{i:0;i:16;i:1;i:20;i:2;i:40;i:3;i:41;}, Total: 3
Valor: a:4:{i:0;i:16;i:1;i:20;i:2;i:40;i:3;i:42;}, Total: 9
Valor: a:4:{i:0;i:16;i:1;i:20;i:2;i:484;i:3;i:485;}, Total: 864
Valor: a:4:{i:0;i:16;i:1;i:20;i:2;i:484;i:3;i:486;}, Total: 908
Valor: a:4:{i:0;i:16;i:1;i:20;i:2;i:484;i:3;i:487;}, Total: 964
Valor: a:4:{i:0;i:16;i:1;i:20;i:2;i:484;i:3;i:488;}, Total: 551
Valor: a:4:{i:0;i:16;i:1;i:21;i:2;i:16;i:3;i:21;}, Total: 2
Valor: a:4:{i:0;i:16;i:1;i:21;i:2;i:16;i:3;i:25;}, Total: 14
Valor: a:4:{i:0;i:16;i:1;i:21;i:2;i:22;i:3;i:27;}, Total: 2
Valor: a:4:{i:0;i:16;i:1;i:21;i:2;i:22;i:3;i:34;}, Total: 9
Valor: a:4:{i:0;i:16;i:1;i:21;i:2;i:27;i:3;i:16;}, Total: 2
Valor: a:4:{i:0;i:16;i:1;i:21;i:2;i:27;i:3;i:29;}, Total: 12
Valor: a:4:{i:0;i:16;i:1;i:21;i:2;i:27;i:3;i:30;}, Total: 5
Valor: a:4:{i:0;i:16;i:1;i:21;i:2;i:27;i:3;i:31;}, Total: 27
Valor: a:4:{i:0;i:16;i:1;i:21;i:2;i:27;i:3;i:34;}, Total: 25
Valor: a:4:{i:0;i:16;i:1;i:21;i:2;i:34;i:3;i:16;}, Total: 7
Valor: a:4:{i:0;i:16;i:1;i:21;i:2;i:34;i:3;i:34;}, Total: 4
Valor: a:4:{i:0;i:16;i:1;i:21;i:2;i:484;i:3;i:485;}, Total: 58
Valor: a:4:{i:0;i:16;i:1;i:21;i:2;i:484;i:3;i:486;}, Total: 95
Valor: a:4:{i:0;i:16;i:1;i:21;i:2;i:484;i:3;i:487;}, Total: 53
Valor: a:4:{i:0;i:16;i:1;i:21;i:2;i:484;i:3;i:488;}, Total: 41
Valor: a:4:{i:0;i:16;i:1;i:22;i:2;i:484;i:3;i:485;}, Total: 2
Valor: a:4:{i:0;i:16;i:1;i:22;i:2;i:484;i:3;i:486;}, Total: 3
Valor: a:4:{i:0;i:16;i:1;i:22;i:2;i:484;i:3;i:488;}, Total: 4
Valor: a:4:{i:0;i:16;i:1;i:23;i:2;i:27;i:3;i:34;}, Total: 27
Valor: a:4:{i:0;i:16;i:1;i:24;i:2;i:484;i:3;i:485;}, Total: 2
Valor: a:4:{i:0;i:16;i:1;i:25;i:2;i:484;i:3;i:486;}, Total: 5
Valor: a:4:{i:0;i:16;i:1;i:25;i:2;i:484;i:3;i:487;}, Total: 7
Valor: a:4:{i:0;i:16;i:1;i:25;i:2;i:484;i:3;i:488;}, Total: 9
Valor: a:4:{i:0;i:16;i:1;i:27;i:2;i:16;i:3;i:31;}, Total: 2
Valor: a:4:{i:0;i:16;i:1;i:27;i:2;i:27;i:3;i:31;}, Total: 8
Valor: a:4:{i:0;i:16;i:1;i:27;i:2;i:29;i:3;i:30;}, Total: 52
Valor: a:4:{i:0;i:16;i:1;i:27;i:2;i:29;i:3;i:31;}, Total: 78
Valor: a:4:{i:0;i:16;i:1;i:27;i:2;i:29;i:3;i:32;}, Total: 7
Valor: a:4:{i:0;i:16;i:1;i:27;i:2;i:30;i:3;i:31;}, Total: 14
Valor: a:4:{i:0;i:16;i:1;i:27;i:2;i:31;i:3;i:32;}, Total: 16
Valor: a:4:{i:0;i:16;i:1;i:27;i:2;i:34;i:3;i:16;}, Total: 3
Valor: a:4:{i:0;i:16;i:1;i:27;i:2;i:34;i:3;i:29;}, Total: 4
Valor: a:4:{i:0;i:16;i:1;i:27;i:2;i:34;i:3;i:31;}, Total: 9
Valor: a:4:{i:0;i:16;i:1;i:27;i:2;i:484;i:3;i:485;}, Total: 66
Valor: a:4:{i:0;i:16;i:1;i:27;i:2;i:484;i:3;i:486;}, Total: 43
Valor: a:4:{i:0;i:16;i:1;i:27;i:2;i:484;i:3;i:487;}, Total: 5
Valor: a:4:{i:0;i:16;i:1;i:27;i:2;i:484;i:3;i:488;}, Total: 18
Valor: a:4:{i:0;i:16;i:1;i:34;i:2;i:40;i:3;i:42;}, Total: 2
Valor: a:4:{i:0;i:16;i:1;i:34;i:2;i:484;i:3;i:485;}, Total: 27
Valor: a:4:{i:0;i:16;i:1;i:34;i:2;i:484;i:3;i:486;}, Total: 83
Valor: a:4:{i:0;i:16;i:1;i:34;i:2;i:484;i:3;i:487;}, Total: 9
Valor: a:4:{i:0;i:16;i:1;i:34;i:2;i:484;i:3;i:488;}, Total: 20
Valor: a:4:{i:0;i:16;i:1;i:484;i:2;i:486;i:3;i:485;}, Total: 21
Valor: a:4:{i:0;i:16;i:1;i:484;i:2;i:486;i:3;i:487;}, Total: 2
Valor: a:4:{i:0;i:16;i:1;i:484;i:2;i:486;i:3;i:488;}, Total: 3
Valor: a:4:{i:0;i:16;i:1;i:484;i:2;i:487;i:3;i:485;}, Total: 6
Valor: a:4:{i:0;i:16;i:1;i:484;i:2;i:487;i:3;i:486;}, Total: 17
Valor: a:4:{i:0;i:16;i:1;i:484;i:2;i:488;i:3;i:485;}, Total: 16
Valor: a:4:{i:0;i:16;i:1;i:484;i:2;i:488;i:3;i:486;}, Total: 25
Valor: a:4:{i:0;i:16;i:1;i:484;i:2;i:488;i:3;i:487;}, Total: 6
Valor: a:4:{i:0;i:27;i:1;i:16;i:2;i:484;i:3;i:485;}, Total: 73
Valor: a:4:{i:0;i:27;i:1;i:16;i:2;i:484;i:3;i:486;}, Total: 35
Valor: a:4:{i:0;i:27;i:1;i:16;i:2;i:484;i:3;i:487;}, Total: 28
Valor: a:4:{i:0;i:27;i:1;i:16;i:2;i:484;i:3;i:488;}, Total: 4
Valor: a:4:{i:0;i:27;i:1;i:27;i:2;i:29;i:3;i:30;}, Total: 26
Valor: a:4:{i:0;i:27;i:1;i:27;i:2;i:29;i:3;i:31;}, Total: 14
Valor: a:4:{i:0;i:27;i:1;i:27;i:2;i:29;i:3;i:32;}, Total: 4
Valor: a:4:{i:0;i:27;i:1;i:27;i:2;i:30;i:3;i:31;}, Total: 24
Valor: a:4:{i:0;i:27;i:1;i:27;i:2;i:30;i:3;i:32;}, Total: 4
Valor: a:4:{i:0;i:27;i:1;i:27;i:2;i:31;i:3;i:32;}, Total: 12
Valor: a:4:{i:0;i:27;i:1;i:27;i:2;i:484;i:3;i:486;}, Total: 21
Valor: a:4:{i:0;i:27;i:1;i:28;i:2;i:29;i:3;i:30;}, Total: 18
Valor: a:4:{i:0;i:27;i:1;i:28;i:2;i:30;i:3;i:31;}, Total: 21
Valor: a:4:{i:0;i:27;i:1;i:28;i:2;i:31;i:3;i:32;}, Total: 21
Valor: a:4:{i:0;i:27;i:1;i:29;i:2;i:30;i:3;i:31;}, Total: 2073
Valor: a:4:{i:0;i:27;i:1;i:29;i:2;i:30;i:3;i:32;}, Total: 773
Valor: a:4:{i:0;i:27;i:1;i:29;i:2;i:30;i:3;i:33;}, Total: 25
Valor: a:4:{i:0;i:27;i:1;i:29;i:2;i:31;i:3;i:32;}, Total: 266
Valor: a:4:{i:0;i:27;i:1;i:29;i:2;i:31;i:3;i:33;}, Total: 3
Valor: a:4:{i:0;i:27;i:1;i:29;i:2;i:32;i:3;i:33;}, Total: 2
Valor: a:4:{i:0;i:27;i:1;i:29;i:2;i:484;i:3;i:485;}, Total: 19
Valor: a:4:{i:0;i:27;i:1;i:29;i:2;i:484;i:3;i:486;}, Total: 15
Valor: a:4:{i:0;i:27;i:1;i:29;i:2;i:484;i:3;i:487;}, Total: 10
Valor: a:4:{i:0;i:27;i:1;i:29;i:2;i:484;i:3;i:488;}, Total: 8
Valor: a:4:{i:0;i:27;i:1;i:30;i:2;i:31;i:3;i:32;}, Total: 971
Valor: a:4:{i:0;i:27;i:1;i:30;i:2;i:31;i:3;i:33;}, Total: 4
Valor: a:4:{i:0;i:27;i:1;i:30;i:2;i:484;i:3;i:485;}, Total: 43
Valor: a:4:{i:0;i:27;i:1;i:30;i:2;i:484;i:3;i:486;}, Total: 100
Valor: a:4:{i:0;i:27;i:1;i:30;i:2;i:484;i:3;i:488;}, Total: 23
Valor: a:4:{i:0;i:27;i:1;i:31;i:2;i:484;i:3;i:485;}, Total: 297
Valor: a:4:{i:0;i:27;i:1;i:31;i:2;i:484;i:3;i:486;}, Total: 481
Valor: a:4:{i:0;i:27;i:1;i:31;i:2;i:484;i:3;i:487;}, Total: 3
Valor: a:4:{i:0;i:27;i:1;i:31;i:2;i:484;i:3;i:488;}, Total: 172
Valor: a:4:{i:0;i:27;i:1;i:32;i:2;i:484;i:3;i:486;}, Total: 2
Valor: a:4:{i:0;i:27;i:1;i:34;i:2;i:16;i:3;i:31;}, Total: 2
Valor: a:4:{i:0;i:27;i:1;i:34;i:2;i:29;i:3;i:30;}, Total: 30
Valor: a:4:{i:0;i:27;i:1;i:34;i:2;i:29;i:3;i:31;}, Total: 9
Valor: a:4:{i:0;i:27;i:1;i:34;i:2;i:29;i:3;i:32;}, Total: 9
Valor: a:4:{i:0;i:27;i:1;i:34;i:2;i:30;i:3;i:31;}, Total: 2
Valor: a:4:{i:0;i:27;i:1;i:34;i:2;i:31;i:3;i:32;}, Total: 5
Valor: a:4:{i:0;i:27;i:1;i:34;i:2;i:484;i:3;i:486;}, Total: 2
Valor: a:4:{i:0;i:27;i:1;i:40;i:2;i:29;i:3;i:30;}, Total: 8
Valor: a:4:{i:0;i:27;i:1;i:40;i:2;i:30;i:3;i:31;}, Total: 3
Valor: a:4:{i:0;i:27;i:1;i:484;i:2;i:486;i:3;i:485;}, Total: 39
Valor: a:4:{i:0;i:27;i:1;i:484;i:2;i:487;i:3;i:485;}, Total: 8
Valor: a:4:{i:0;i:27;i:1;i:484;i:2;i:487;i:3;i:486;}, Total: 11
Valor: a:4:{i:0;i:27;i:1;i:484;i:2;i:488;i:3;i:485;}, Total: 24
Valor: a:4:{i:0;i:27;i:1;i:484;i:2;i:488;i:3;i:486;}, Total: 16
Valor: a:4:{i:0;i:34;i:1;i:16;i:2;i:484;i:3;i:485;}, Total: 9
Valor: a:4:{i:0;i:34;i:1;i:16;i:2;i:484;i:3;i:486;}, Total: 33
Valor: a:4:{i:0;i:34;i:1;i:16;i:2;i:484;i:3;i:487;}, Total: 10
Valor: a:4:{i:0;i:34;i:1;i:16;i:2;i:484;i:3;i:488;}, Total: 5
Valor: a:4:{i:0;i:34;i:1;i:27;i:2;i:484;i:3;i:486;}, Total: 6
Valor: a:4:{i:0;i:34;i:1;i:34;i:2;i:484;i:3;i:485;}, Total: 2
Valor: a:4:{i:0;i:34;i:1;i:34;i:2;i:484;i:3;i:486;}, Total: 25
Valor: a:4:{i:0;i:34;i:1;i:35;i:2;i:36;i:3;i:34;}, Total: 13
Valor: a:4:{i:0;i:34;i:1;i:35;i:2;i:37;i:3;i:34;}, Total: 3
Valor: a:4:{i:0;i:34;i:1;i:35;i:2;i:38;i:3;i:34;}, Total: 2
Valor: a:4:{i:0;i:34;i:1;i:36;i:2;i:34;i:3;i:34;}, Total: 2
Valor: a:4:{i:0;i:34;i:1;i:36;i:2;i:38;i:3;i:34;}, Total: 3
Valor: a:4:{i:0;i:34;i:1;i:484;i:2;i:486;i:3;i:485;}, Total: 76
Valor: a:4:{i:0;i:34;i:1;i:484;i:2;i:486;i:3;i:486;}, Total: 3
Valor: a:4:{i:0;i:34;i:1;i:484;i:2;i:486;i:3;i:487;}, Total: 4
Valor: a:4:{i:0;i:34;i:1;i:484;i:2;i:486;i:3;i:488;}, Total: 4
Valor: a:4:{i:0;i:34;i:1;i:484;i:2;i:487;i:3;i:485;}, Total: 10
Valor: a:4:{i:0;i:34;i:1;i:484;i:2;i:487;i:3;i:486;}, Total: 31
Valor: a:4:{i:0;i:34;i:1;i:484;i:2;i:487;i:3;i:488;}, Total: 3
Valor: a:4:{i:0;i:34;i:1;i:484;i:2;i:488;i:3;i:485;}, Total: 52
Valor: a:4:{i:0;i:34;i:1;i:484;i:2;i:488;i:3;i:486;}, Total: 70
Valor: a:4:{i:0;i:34;i:1;i:484;i:2;i:488;i:3;i:487;}, Total: 20
Valor: a:4:{i:0;i:484;i:1;i:486;i:2;i:484;i:3;i:486;}, Total: 26
Valor: a:4:{i:0;i:484;i:1;i:487;i:2;i:484;i:3;i:487;}, Total: 3
Valor: a:4:{i:0;i:484;i:1;i:488;i:2;i:484;i:3;i:488;}, Total: 3
Valor: a:4:{i:0;s:2:"16";i:1;s:2:"17";i:2;s:2:"18";i:3;s:2:"20";}, Total: 7
Valor: a:4:{i:0;s:2:"16";i:1;s:2:"17";i:2;s:2:"18";i:3;s:2:"21";}, Total: 2
Valor: a:4:{i:0;s:2:"16";i:1;s:2:"17";i:2;s:2:"20";i:3;s:2:"21";}, Total: 6
Valor: a:4:{i:0;s:2:"16";i:1;s:2:"17";i:2;s:3:"484";i:3;s:3:"486";}, Total: 2
Valor: a:4:{i:0;s:2:"16";i:1;s:2:"18";i:2;s:2:"20";i:3;s:2:"21";}, Total: 3
Valor: a:4:{i:0;s:2:"16";i:1;s:2:"18";i:2;s:2:"21";i:3;s:2:"27";}, Total: 2
Valor: a:4:{i:0;s:2:"16";i:1;s:2:"20";i:2;s:2:"40";i:3;s:2:"42";}, Total: 2
Valor: a:4:{i:0;s:2:"16";i:1;s:2:"20";i:2;s:3:"484";i:3;s:3:"486";}, Total: 3
Valor: a:4:{i:0;s:2:"16";i:1;s:2:"20";i:2;s:3:"484";i:3;s:3:"487";}, Total: 19
Valor: a:4:{i:0;s:2:"16";i:1;s:2:"20";i:2;s:3:"484";i:3;s:3:"488";}, Total: 16
Valor: a:4:{i:0;s:2:"16";i:1;s:2:"27";i:2;s:3:"484";i:3;s:3:"486";}, Total: 5
Valor: a:4:{i:0;s:2:"16";i:1;s:2:"27";i:2;s:3:"484";i:3;s:3:"487";}, Total: 3
Valor: a:4:{i:0;s:2:"16";i:1;s:2:"27";i:2;s:3:"484";i:3;s:3:"488";}, Total: 2
Valor: a:4:{i:0;s:2:"16";i:1;s:3:"484";i:2;s:3:"484";i:3;s:3:"485";}, Total: 2
Valor: a:4:{i:0;s:2:"16";i:1;s:3:"484";i:2;s:3:"484";i:3;s:3:"486";}, Total: 4
Valor: a:4:{i:0;s:2:"16";i:1;s:3:"484";i:2;s:3:"484";i:3;s:3:"487";}, Total: 9
Valor: a:4:{i:0;s:2:"16";i:1;s:3:"484";i:2;s:3:"484";i:3;s:3:"488";}, Total: 4
Valor: a:4:{i:0;s:2:"16";i:1;s:3:"484";i:2;s:3:"485";i:3;s:3:"486";}, Total: 2
Valor: a:4:{i:0;s:2:"16";i:1;s:3:"484";i:2;s:3:"486";i:3;s:3:"488";}, Total: 4
Valor: a:4:{i:0;s:2:"16";i:1;s:3:"484";i:2;s:3:"487";i:3;s:3:"486";}, Total: 3
Valor: a:4:{i:0;s:2:"16";i:1;s:3:"484";i:2;s:3:"488";i:3;s:3:"486";}, Total: 2
Valor: a:4:{i:0;s:2:"27";i:1;s:2:"16";i:2;s:3:"484";i:3;s:3:"486";}, Total: 3
Valor: a:4:{i:0;s:2:"27";i:1;s:2:"29";i:2;s:2:"30";i:3;s:2:"31";}, Total: 3
Valor: a:4:{i:0;s:2:"27";i:1;s:2:"29";i:2;s:2:"30";i:3;s:2:"32";}, Total: 8
Valor: a:4:{i:0;s:2:"27";i:1;s:2:"30";i:2;s:2:"31";i:3;s:2:"32";}, Total: 24
Valor: a:4:{i:0;s:2:"27";i:1;s:2:"31";i:2;s:3:"484";i:3;s:3:"486";}, Total: 16
Valor: a:4:{i:0;s:2:"27";i:1;s:2:"31";i:2;s:3:"484";i:3;s:3:"488";}, Total: 2
Valor: a:4:{i:0;s:2:"34";i:1;s:2:"16";i:2;s:3:"484";i:3;s:3:"486";}, Total: 2
Valor: a:4:{i:0;s:2:"34";i:1;s:2:"35";i:2;s:2:"36";i:3;s:2:"37";}, Total: 2
Valor: a:4:{i:0;s:2:"40";i:1;s:2:"16";i:2;s:2:"27";i:3;s:2:"34";}, Total: 5
Valor: a:4:{i:0;s:2:"40";i:1;s:2:"34";i:2;s:2:"16";i:3;s:2:"27";}, Total: 3
Valor: a:4:{i:0;s:2:"44";i:1;s:2:"46";i:2;s:3:"484";i:3;s:3:"486";}, Total: 5
Valor: a:4:{i:0;s:2:"44";i:1;s:3:"484";i:2;s:3:"484";i:3;s:3:"486";}, Total: 2
Valor: a:4:{i:0;s:2:"44";i:1;s:3:"484";i:2;s:3:"486";i:3;s:3:"487";}, Total: 2
Valor: a:5:{i:0;i:16;i:1;i:16;i:2;i:25;i:3;i:484;i:4;i:487;}, Total: 4
Valor: a:5:{i:0;i:16;i:1;i:16;i:2;i:27;i:3;i:484;i:4;i:486;}, Total: 3
Valor: a:5:{i:0;i:16;i:1;i:16;i:2;i:484;i:3;i:486;i:4;i:485;}, Total: 3
Valor: a:5:{i:0;i:16;i:1;i:17;i:2;i:16;i:3;i:484;i:4;i:485;}, Total: 9
Valor: a:5:{i:0;i:16;i:1;i:17;i:2;i:16;i:3;i:484;i:4;i:486;}, Total: 225
Valor: a:5:{i:0;i:16;i:1;i:17;i:2;i:16;i:3;i:484;i:4;i:487;}, Total: 7
Valor: a:5:{i:0;i:16;i:1;i:17;i:2;i:16;i:3;i:484;i:4;i:488;}, Total: 3
Valor: a:5:{i:0;i:16;i:1;i:17;i:2;i:18;i:3;i:1579;i:4;i:34;}, Total: 2
Valor: a:5:{i:0;i:16;i:1;i:17;i:2;i:18;i:3;i:20;i:4;i:1579;}, Total: 57
Valor: a:5:{i:0;i:16;i:1;i:17;i:2;i:18;i:3;i:20;i:4;i:16;}, Total: 40
Valor: a:5:{i:0;i:16;i:1;i:17;i:2;i:18;i:3;i:20;i:4;i:21;}, Total: 740
Valor: a:5:{i:0;i:16;i:1;i:17;i:2;i:18;i:3;i:20;i:4;i:22;}, Total: 9
Valor: a:5:{i:0;i:16;i:1;i:17;i:2;i:18;i:3;i:20;i:4;i:23;}, Total: 2
Valor: a:5:{i:0;i:16;i:1;i:17;i:2;i:18;i:3;i:20;i:4;i:24;}, Total: 5
Valor: a:5:{i:0;i:16;i:1;i:17;i:2;i:18;i:3;i:20;i:4;i:27;}, Total: 34
Valor: a:5:{i:0;i:16;i:1;i:17;i:2;i:18;i:3;i:20;i:4;i:34;}, Total: 15
Valor: a:5:{i:0;i:16;i:1;i:17;i:2;i:18;i:3;i:21;i:4;i:16;}, Total: 2
Valor: a:5:{i:0;i:16;i:1;i:17;i:2;i:18;i:3;i:21;i:4;i:22;}, Total: 6
Valor: a:5:{i:0;i:16;i:1;i:17;i:2;i:18;i:3;i:21;i:4;i:23;}, Total: 3
Valor: a:5:{i:0;i:16;i:1;i:17;i:2;i:18;i:3;i:21;i:4;i:24;}, Total: 17
Valor: a:5:{i:0;i:16;i:1;i:17;i:2;i:18;i:3;i:21;i:4;i:27;}, Total: 20
Valor: a:5:{i:0;i:16;i:1;i:17;i:2;i:18;i:3;i:21;i:4;i:34;}, Total: 38
Valor: a:5:{i:0;i:16;i:1;i:17;i:2;i:18;i:3;i:27;i:4;i:16;}, Total: 3
Valor: a:5:{i:0;i:16;i:1;i:17;i:2;i:18;i:3;i:27;i:4;i:31;}, Total: 15
Valor: a:5:{i:0;i:16;i:1;i:17;i:2;i:18;i:3;i:27;i:4;i:34;}, Total: 2
Valor: a:5:{i:0;i:16;i:1;i:17;i:2;i:18;i:3;i:484;i:4;i:485;}, Total: 54
Valor: a:5:{i:0;i:16;i:1;i:17;i:2;i:18;i:3;i:484;i:4;i:486;}, Total: 109
Valor: a:5:{i:0;i:16;i:1;i:17;i:2;i:18;i:3;i:484;i:4;i:487;}, Total: 31
Valor: a:5:{i:0;i:16;i:1;i:17;i:2;i:18;i:3;i:484;i:4;i:488;}, Total: 303
Valor: a:5:{i:0;i:16;i:1;i:17;i:2;i:20;i:3;i:1579;i:4;i:21;}, Total: 7
Valor: a:5:{i:0;i:16;i:1;i:17;i:2;i:20;i:3;i:1579;i:4;i:27;}, Total: 4
Valor: a:5:{i:0;i:16;i:1;i:17;i:2;i:20;i:3;i:16;i:4;i:25;}, Total: 3
Valor: a:5:{i:0;i:16;i:1;i:17;i:2;i:20;i:3;i:21;i:4;i:16;}, Total: 18
Valor: a:5:{i:0;i:16;i:1;i:17;i:2;i:20;i:3;i:21;i:4;i:22;}, Total: 9
Valor: a:5:{i:0;i:16;i:1;i:17;i:2;i:20;i:3;i:21;i:4;i:24;}, Total: 4
Valor: a:5:{i:0;i:16;i:1;i:17;i:2;i:20;i:3;i:21;i:4;i:27;}, Total: 6
Valor: a:5:{i:0;i:16;i:1;i:17;i:2;i:20;i:3;i:21;i:4;i:34;}, Total: 14
Valor: a:5:{i:0;i:16;i:1;i:17;i:2;i:20;i:3;i:22;i:4;i:23;}, Total: 2
Valor: a:5:{i:0;i:16;i:1;i:17;i:2;i:20;i:3;i:24;i:4;i:16;}, Total: 2
Valor: a:5:{i:0;i:16;i:1;i:17;i:2;i:20;i:3;i:27;i:4;i:16;}, Total: 3
Valor: a:5:{i:0;i:16;i:1;i:17;i:2;i:20;i:3;i:27;i:4;i:29;}, Total: 5
Valor: a:5:{i:0;i:16;i:1;i:17;i:2;i:20;i:3;i:27;i:4;i:30;}, Total: 2
Valor: a:5:{i:0;i:16;i:1;i:17;i:2;i:20;i:3;i:27;i:4;i:31;}, Total: 13
Valor: a:5:{i:0;i:16;i:1;i:17;i:2;i:20;i:3;i:27;i:4;i:34;}, Total: 2
Valor: a:5:{i:0;i:16;i:1;i:17;i:2;i:20;i:3;i:34;i:4;i:34;}, Total: 3
Valor: a:5:{i:0;i:16;i:1;i:17;i:2;i:20;i:3;i:484;i:4;i:485;}, Total: 268
Valor: a:5:{i:0;i:16;i:1;i:17;i:2;i:20;i:3;i:484;i:4;i:486;}, Total: 807
Valor: a:5:{i:0;i:16;i:1;i:17;i:2;i:20;i:3;i:484;i:4;i:487;}, Total: 106
Valor: a:5:{i:0;i:16;i:1;i:17;i:2;i:20;i:3;i:484;i:4;i:488;}, Total: 459
Valor: a:5:{i:0;i:16;i:1;i:17;i:2;i:21;i:3;i:16;i:4;i:25;}, Total: 2
Valor: a:5:{i:0;i:16;i:1;i:17;i:2;i:21;i:3;i:27;i:4;i:34;}, Total: 2
Valor: a:5:{i:0;i:16;i:1;i:17;i:2;i:21;i:3;i:34;i:4;i:16;}, Total: 2
Valor: a:5:{i:0;i:16;i:1;i:17;i:2;i:21;i:3;i:484;i:4;i:485;}, Total: 5
Valor: a:5:{i:0;i:16;i:1;i:17;i:2;i:21;i:3;i:484;i:4;i:486;}, Total: 17
Valor: a:5:{i:0;i:16;i:1;i:17;i:2;i:21;i:3;i:484;i:4;i:488;}, Total: 13
Valor: a:5:{i:0;i:16;i:1;i:17;i:2;i:22;i:3;i:484;i:4;i:485;}, Total: 3
Valor: a:5:{i:0;i:16;i:1;i:17;i:2;i:22;i:3;i:484;i:4;i:488;}, Total: 3
Valor: a:5:{i:0;i:16;i:1;i:17;i:2;i:27;i:3;i:29;i:4;i:30;}, Total: 6
Valor: a:5:{i:0;i:16;i:1;i:17;i:2;i:27;i:3;i:29;i:4;i:31;}, Total: 6
Valor: a:5:{i:0;i:16;i:1;i:17;i:2;i:27;i:3;i:29;i:4;i:32;}, Total: 2
Valor: a:5:{i:0;i:16;i:1;i:17;i:2;i:27;i:3;i:30;i:4;i:31;}, Total: 2
Valor: a:5:{i:0;i:16;i:1;i:17;i:2;i:27;i:3;i:484;i:4;i:485;}, Total: 6
Valor: a:5:{i:0;i:16;i:1;i:17;i:2;i:27;i:3;i:484;i:4;i:486;}, Total: 33
Valor: a:5:{i:0;i:16;i:1;i:17;i:2;i:27;i:3;i:484;i:4;i:488;}, Total: 5
Valor: a:5:{i:0;i:16;i:1;i:17;i:2;i:34;i:3;i:484;i:4;i:485;}, Total: 4
Valor: a:5:{i:0;i:16;i:1;i:17;i:2;i:34;i:3;i:484;i:4;i:486;}, Total: 19
Valor: a:5:{i:0;i:16;i:1;i:17;i:2;i:34;i:3;i:484;i:4;i:488;}, Total: 7
Valor: a:5:{i:0;i:16;i:1;i:17;i:2;i:484;i:3;i:486;i:4;i:485;}, Total: 5
Valor: a:5:{i:0;i:16;i:1;i:17;i:2;i:484;i:3;i:486;i:4;i:488;}, Total: 2
Valor: a:5:{i:0;i:16;i:1;i:17;i:2;i:484;i:3;i:487;i:4;i:485;}, Total: 2
Valor: a:5:{i:0;i:16;i:1;i:17;i:2;i:484;i:3;i:487;i:4;i:486;}, Total: 6
Valor: a:5:{i:0;i:16;i:1;i:17;i:2;i:484;i:3;i:488;i:4;i:485;}, Total: 7
Valor: a:5:{i:0;i:16;i:1;i:17;i:2;i:484;i:3;i:488;i:4;i:486;}, Total: 17
Valor: a:5:{i:0;i:16;i:1;i:18;i:2;i:1579;i:3;i:21;i:4;i:34;}, Total: 4
Valor: a:5:{i:0;i:16;i:1;i:18;i:2;i:16;i:3;i:484;i:4;i:485;}, Total: 7
Valor: a:5:{i:0;i:16;i:1;i:18;i:2;i:16;i:3;i:484;i:4;i:486;}, Total: 101
Valor: a:5:{i:0;i:16;i:1;i:18;i:2;i:16;i:3;i:484;i:4;i:487;}, Total: 5
Valor: a:5:{i:0;i:16;i:1;i:18;i:2;i:16;i:3;i:484;i:4;i:488;}, Total: 3
Valor: a:5:{i:0;i:16;i:1;i:18;i:2;i:20;i:3;i:1579;i:4;i:21;}, Total: 9
Valor: a:5:{i:0;i:16;i:1;i:18;i:2;i:20;i:3;i:1579;i:4;i:27;}, Total: 8
Valor: a:5:{i:0;i:16;i:1;i:18;i:2;i:20;i:3;i:1579;i:4;i:34;}, Total: 2
Valor: a:5:{i:0;i:16;i:1;i:18;i:2;i:20;i:3;i:16;i:4;i:25;}, Total: 14
Valor: a:5:{i:0;i:16;i:1;i:18;i:2;i:20;i:3;i:20;i:4;i:21;}, Total: 2
Valor: a:5:{i:0;i:16;i:1;i:18;i:2;i:20;i:3;i:21;i:4;i:16;}, Total: 28
Valor: a:5:{i:0;i:16;i:1;i:18;i:2;i:20;i:3;i:21;i:4;i:22;}, Total: 13
Valor: a:5:{i:0;i:16;i:1;i:18;i:2;i:20;i:3;i:21;i:4;i:27;}, Total: 14
Valor: a:5:{i:0;i:16;i:1;i:18;i:2;i:20;i:3;i:21;i:4;i:34;}, Total: 52
Valor: a:5:{i:0;i:16;i:1;i:18;i:2;i:20;i:3;i:21;i:4;i:40;}, Total: 2
Valor: a:5:{i:0;i:16;i:1;i:18;i:2;i:20;i:3;i:22;i:4;i:27;}, Total: 2
Valor: a:5:{i:0;i:16;i:1;i:18;i:2;i:20;i:3;i:27;i:4;i:31;}, Total: 24
Valor: a:5:{i:0;i:16;i:1;i:18;i:2;i:20;i:3;i:27;i:4;i:34;}, Total: 5
Valor: a:5:{i:0;i:16;i:1;i:18;i:2;i:20;i:3;i:34;i:4;i:16;}, Total: 4
Valor: a:5:{i:0;i:16;i:1;i:18;i:2;i:20;i:3;i:484;i:4;i:485;}, Total: 131
Valor: a:5:{i:0;i:16;i:1;i:18;i:2;i:20;i:3;i:484;i:4;i:486;}, Total: 339
Valor: a:5:{i:0;i:16;i:1;i:18;i:2;i:20;i:3;i:484;i:4;i:487;}, Total: 68
Valor: a:5:{i:0;i:16;i:1;i:18;i:2;i:20;i:3;i:484;i:4;i:488;}, Total: 269
Valor: a:5:{i:0;i:16;i:1;i:18;i:2;i:21;i:3;i:16;i:4;i:25;}, Total: 3
Valor: a:5:{i:0;i:16;i:1;i:18;i:2;i:21;i:3;i:27;i:4;i:29;}, Total: 2
Valor: a:5:{i:0;i:16;i:1;i:18;i:2;i:21;i:3;i:27;i:4;i:30;}, Total: 2
Valor: a:5:{i:0;i:16;i:1;i:18;i:2;i:21;i:3;i:27;i:4;i:31;}, Total: 10
Valor: a:5:{i:0;i:16;i:1;i:18;i:2;i:21;i:3;i:27;i:4;i:34;}, Total: 4
Valor: a:5:{i:0;i:16;i:1;i:18;i:2;i:21;i:3;i:34;i:4;i:34;}, Total: 2
Valor: a:5:{i:0;i:16;i:1;i:18;i:2;i:21;i:3;i:484;i:4;i:485;}, Total: 13
Valor: a:5:{i:0;i:16;i:1;i:18;i:2;i:21;i:3;i:484;i:4;i:486;}, Total: 28
Valor: a:5:{i:0;i:16;i:1;i:18;i:2;i:21;i:3;i:484;i:4;i:487;}, Total: 21
Valor: a:5:{i:0;i:16;i:1;i:18;i:2;i:21;i:3;i:484;i:4;i:488;}, Total: 14
Valor: a:5:{i:0;i:16;i:1;i:18;i:2;i:22;i:3;i:27;i:4;i:31;}, Total: 2
Valor: a:5:{i:0;i:16;i:1;i:18;i:2;i:27;i:3;i:16;i:4;i:31;}, Total: 2
Valor: a:5:{i:0;i:16;i:1;i:18;i:2;i:27;i:3;i:29;i:4;i:30;}, Total: 48
Valor: a:5:{i:0;i:16;i:1;i:18;i:2;i:27;i:3;i:29;i:4;i:31;}, Total: 18
Valor: a:5:{i:0;i:16;i:1;i:18;i:2;i:27;i:3;i:29;i:4;i:32;}, Total: 3
Valor: a:5:{i:0;i:16;i:1;i:18;i:2;i:27;i:3;i:30;i:4;i:31;}, Total: 3
Valor: a:5:{i:0;i:16;i:1;i:18;i:2;i:27;i:3;i:31;i:4;i:32;}, Total: 4
Valor: a:5:{i:0;i:16;i:1;i:18;i:2;i:27;i:3;i:34;i:4;i:31;}, Total: 3
Valor: a:5:{i:0;i:16;i:1;i:18;i:2;i:27;i:3;i:484;i:4;i:485;}, Total: 35
Valor: a:5:{i:0;i:16;i:1;i:18;i:2;i:27;i:3;i:484;i:4;i:486;}, Total: 60
Valor: a:5:{i:0;i:16;i:1;i:18;i:2;i:27;i:3;i:484;i:4;i:487;}, Total: 3
Valor: a:5:{i:0;i:16;i:1;i:18;i:2;i:27;i:3;i:484;i:4;i:488;}, Total: 15
Valor: a:5:{i:0;i:16;i:1;i:18;i:2;i:34;i:3;i:484;i:4;i:485;}, Total: 12
Valor: a:5:{i:0;i:16;i:1;i:18;i:2;i:34;i:3;i:484;i:4;i:486;}, Total: 6
Valor: a:5:{i:0;i:16;i:1;i:18;i:2;i:34;i:3;i:484;i:4;i:487;}, Total: 2
Valor: a:5:{i:0;i:16;i:1;i:18;i:2;i:34;i:3;i:484;i:4;i:488;}, Total: 10
Valor: a:5:{i:0;i:16;i:1;i:18;i:2;i:484;i:3;i:486;i:4;i:485;}, Total: 10
Valor: a:5:{i:0;i:16;i:1;i:18;i:2;i:484;i:3;i:486;i:4;i:488;}, Total: 2
Valor: a:5:{i:0;i:16;i:1;i:18;i:2;i:484;i:3;i:487;i:4;i:485;}, Total: 6
Valor: a:5:{i:0;i:16;i:1;i:18;i:2;i:484;i:3;i:487;i:4;i:486;}, Total: 4
Valor: a:5:{i:0;i:16;i:1;i:18;i:2;i:484;i:3;i:488;i:4;i:485;}, Total: 17
Valor: a:5:{i:0;i:16;i:1;i:18;i:2;i:484;i:3;i:488;i:4;i:486;}, Total: 18
Valor: a:5:{i:0;i:16;i:1;i:18;i:2;i:484;i:3;i:488;i:4;i:487;}, Total: 8
Valor: a:5:{i:0;i:16;i:1;i:20;i:2;i:1579;i:3;i:21;i:4;i:34;}, Total: 2
Valor: a:5:{i:0;i:16;i:1;i:20;i:2;i:16;i:3;i:484;i:4;i:485;}, Total: 8
Valor: a:5:{i:0;i:16;i:1;i:20;i:2;i:16;i:3;i:484;i:4;i:486;}, Total: 522
Valor: a:5:{i:0;i:16;i:1;i:20;i:2;i:16;i:3;i:484;i:4;i:487;}, Total: 12
Valor: a:5:{i:0;i:16;i:1;i:20;i:2;i:16;i:3;i:484;i:4;i:488;}, Total: 8
Valor: a:5:{i:0;i:16;i:1;i:20;i:2;i:21;i:3;i:16;i:4;i:25;}, Total: 28
Valor: a:5:{i:0;i:16;i:1;i:20;i:2;i:21;i:3;i:22;i:4;i:16;}, Total: 2
Valor: a:5:{i:0;i:16;i:1;i:20;i:2;i:21;i:3;i:22;i:4;i:27;}, Total: 4
Valor: a:5:{i:0;i:16;i:1;i:20;i:2;i:21;i:3;i:24;i:4;i:16;}, Total: 2
Valor: a:5:{i:0;i:16;i:1;i:20;i:2;i:21;i:3;i:27;i:4;i:31;}, Total: 11
Valor: a:5:{i:0;i:16;i:1;i:20;i:2;i:21;i:3;i:27;i:4;i:34;}, Total: 22
Valor: a:5:{i:0;i:16;i:1;i:20;i:2;i:21;i:3;i:34;i:4;i:16;}, Total: 4
Valor: a:5:{i:0;i:16;i:1;i:20;i:2;i:21;i:3;i:484;i:4;i:485;}, Total: 47
Valor: a:5:{i:0;i:16;i:1;i:20;i:2;i:21;i:3;i:484;i:4;i:486;}, Total: 158
Valor: a:5:{i:0;i:16;i:1;i:20;i:2;i:21;i:3;i:484;i:4;i:487;}, Total: 251
Valor: a:5:{i:0;i:16;i:1;i:20;i:2;i:21;i:3;i:484;i:4;i:488;}, Total: 114
Valor: a:5:{i:0;i:16;i:1;i:20;i:2;i:22;i:3;i:484;i:4;i:486;}, Total: 5
Valor: a:5:{i:0;i:16;i:1;i:20;i:2;i:22;i:3;i:484;i:4;i:488;}, Total: 5
Valor: a:5:{i:0;i:16;i:1;i:20;i:2;i:23;i:3;i:27;i:4;i:34;}, Total: 144
Valor: a:5:{i:0;i:16;i:1;i:20;i:2;i:23;i:3;i:27;i:4;i:44;}, Total: 2
Valor: a:5:{i:0;i:16;i:1;i:20;i:2;i:24;i:3;i:16;i:4;i:25;}, Total: 2
Valor: a:5:{i:0;i:16;i:1;i:20;i:2;i:24;i:3;i:484;i:4;i:486;}, Total: 4
Valor: a:5:{i:0;i:16;i:1;i:20;i:2;i:24;i:3;i:484;i:4;i:487;}, Total: 3
Valor: a:5:{i:0;i:16;i:1;i:20;i:2;i:24;i:3;i:484;i:4;i:488;}, Total: 3
Valor: a:5:{i:0;i:16;i:1;i:20;i:2;i:27;i:3;i:16;i:4;i:25;}, Total: 2
Valor: a:5:{i:0;i:16;i:1;i:20;i:2;i:27;i:3;i:16;i:4;i:31;}, Total: 2
Valor: a:5:{i:0;i:16;i:1;i:20;i:2;i:27;i:3;i:27;i:4;i:31;}, Total: 2
Valor: a:5:{i:0;i:16;i:1;i:20;i:2;i:27;i:3;i:29;i:4;i:30;}, Total: 19
Valor: a:5:{i:0;i:16;i:1;i:20;i:2;i:27;i:3;i:29;i:4;i:31;}, Total: 5
Valor: a:5:{i:0;i:16;i:1;i:20;i:2;i:27;i:3;i:29;i:4;i:32;}, Total: 2
Valor: a:5:{i:0;i:16;i:1;i:20;i:2;i:27;i:3;i:30;i:4;i:31;}, Total: 6
Valor: a:5:{i:0;i:16;i:1;i:20;i:2;i:27;i:3;i:31;i:4;i:32;}, Total: 6
Valor: a:5:{i:0;i:16;i:1;i:20;i:2;i:27;i:3;i:34;i:4;i:30;}, Total: 3
Valor: a:5:{i:0;i:16;i:1;i:20;i:2;i:27;i:3;i:34;i:4;i:31;}, Total: 2
Valor: a:5:{i:0;i:16;i:1;i:20;i:2;i:27;i:3;i:34;i:4;i:39;}, Total: 3
Valor: a:5:{i:0;i:16;i:1;i:20;i:2;i:27;i:3;i:484;i:4;i:485;}, Total: 24
Valor: a:5:{i:0;i:16;i:1;i:20;i:2;i:27;i:3;i:484;i:4;i:486;}, Total: 40
Valor: a:5:{i:0;i:16;i:1;i:20;i:2;i:27;i:3;i:484;i:4;i:487;}, Total: 5
Valor: a:5:{i:0;i:16;i:1;i:20;i:2;i:27;i:3;i:484;i:4;i:488;}, Total: 20
Valor: a:5:{i:0;i:16;i:1;i:20;i:2;i:34;i:3;i:16;i:4;i:25;}, Total: 2
Valor: a:5:{i:0;i:16;i:1;i:20;i:2;i:34;i:3;i:35;i:4;i:34;}, Total: 3
Valor: a:5:{i:0;i:16;i:1;i:20;i:2;i:34;i:3;i:484;i:4;i:485;}, Total: 35
Valor: a:5:{i:0;i:16;i:1;i:20;i:2;i:34;i:3;i:484;i:4;i:486;}, Total: 31
Valor: a:5:{i:0;i:16;i:1;i:20;i:2;i:34;i:3;i:484;i:4;i:487;}, Total: 12
Valor: a:5:{i:0;i:16;i:1;i:20;i:2;i:34;i:3;i:484;i:4;i:488;}, Total: 15
Valor: a:5:{i:0;i:16;i:1;i:20;i:2;i:40;i:3;i:41;i:4;i:42;}, Total: 2
Valor: a:5:{i:0;i:16;i:1;i:20;i:2;i:484;i:3;i:486;i:4;i:485;}, Total: 25
Valor: a:5:{i:0;i:16;i:1;i:20;i:2;i:484;i:3;i:486;i:4;i:487;}, Total: 13
Valor: a:5:{i:0;i:16;i:1;i:20;i:2;i:484;i:3;i:486;i:4;i:488;}, Total: 14
Valor: a:5:{i:0;i:16;i:1;i:20;i:2;i:484;i:3;i:487;i:4;i:485;}, Total: 27
Valor: a:5:{i:0;i:16;i:1;i:20;i:2;i:484;i:3;i:487;i:4;i:486;}, Total: 29
Valor: a:5:{i:0;i:16;i:1;i:20;i:2;i:484;i:3;i:487;i:4;i:488;}, Total: 3
Valor: a:5:{i:0;i:16;i:1;i:20;i:2;i:484;i:3;i:488;i:4;i:485;}, Total: 12
Valor: a:5:{i:0;i:16;i:1;i:20;i:2;i:484;i:3;i:488;i:4;i:486;}, Total: 44
Valor: a:5:{i:0;i:16;i:1;i:20;i:2;i:484;i:3;i:488;i:4;i:487;}, Total: 20
Valor: a:5:{i:0;i:16;i:1;i:21;i:2;i:16;i:3;i:484;i:4;i:486;}, Total: 69
Valor: a:5:{i:0;i:16;i:1;i:21;i:2;i:22;i:3;i:484;i:4;i:487;}, Total: 2
Valor: a:5:{i:0;i:16;i:1;i:21;i:2;i:22;i:3;i:484;i:4;i:488;}, Total: 3
Valor: a:5:{i:0;i:16;i:1;i:21;i:2;i:27;i:3;i:16;i:4;i:25;}, Total: 2
Valor: a:5:{i:0;i:16;i:1;i:21;i:2;i:27;i:3;i:16;i:4;i:31;}, Total: 2
Valor: a:5:{i:0;i:16;i:1;i:21;i:2;i:27;i:3;i:29;i:4;i:30;}, Total: 34
Valor: a:5:{i:0;i:16;i:1;i:21;i:2;i:27;i:3;i:29;i:4;i:31;}, Total: 5
Valor: a:5:{i:0;i:16;i:1;i:21;i:2;i:27;i:3;i:29;i:4;i:32;}, Total: 7
Valor: a:5:{i:0;i:16;i:1;i:21;i:2;i:27;i:3;i:30;i:4;i:31;}, Total: 2
Valor: a:5:{i:0;i:16;i:1;i:21;i:2;i:27;i:3;i:31;i:4;i:32;}, Total: 3
Valor: a:5:{i:0;i:16;i:1;i:21;i:2;i:27;i:3;i:34;i:4;i:29;}, Total: 2
Valor: a:5:{i:0;i:16;i:1;i:21;i:2;i:27;i:3;i:34;i:4;i:31;}, Total: 13
Valor: a:5:{i:0;i:16;i:1;i:21;i:2;i:27;i:3;i:484;i:4;i:485;}, Total: 2
Valor: a:5:{i:0;i:16;i:1;i:21;i:2;i:27;i:3;i:484;i:4;i:486;}, Total: 4
Valor: a:5:{i:0;i:16;i:1;i:21;i:2;i:27;i:3;i:484;i:4;i:488;}, Total: 3
Valor: a:5:{i:0;i:16;i:1;i:21;i:2;i:34;i:3;i:16;i:4;i:25;}, Total: 2
Valor: a:5:{i:0;i:16;i:1;i:21;i:2;i:34;i:3;i:484;i:4;i:485;}, Total: 18
Valor: a:5:{i:0;i:16;i:1;i:21;i:2;i:34;i:3;i:484;i:4;i:486;}, Total: 12
Valor: a:5:{i:0;i:16;i:1;i:21;i:2;i:34;i:3;i:484;i:4;i:487;}, Total: 5
Valor: a:5:{i:0;i:16;i:1;i:21;i:2;i:34;i:3;i:484;i:4;i:488;}, Total: 5
Valor: a:5:{i:0;i:16;i:1;i:21;i:2;i:484;i:3;i:486;i:4;i:485;}, Total: 4
Valor: a:5:{i:0;i:16;i:1;i:22;i:2;i:16;i:3;i:484;i:4;i:486;}, Total: 4
Valor: a:5:{i:0;i:16;i:1;i:22;i:2;i:27;i:3;i:29;i:4;i:30;}, Total: 5
Valor: a:5:{i:0;i:16;i:1;i:23;i:2;i:27;i:3;i:34;i:4;i:30;}, Total: 2
Valor: a:5:{i:0;i:16;i:1;i:23;i:2;i:27;i:3;i:34;i:4;i:39;}, Total: 19
Valor: a:5:{i:0;i:16;i:1;i:27;i:2;i:16;i:3;i:484;i:4;i:486;}, Total: 4
Valor: a:5:{i:0;i:16;i:1;i:27;i:2;i:27;i:3;i:484;i:4;i:486;}, Total: 6
Valor: a:5:{i:0;i:16;i:1;i:27;i:2;i:28;i:3;i:30;i:4;i:31;}, Total: 2
Valor: a:5:{i:0;i:16;i:1;i:27;i:2;i:29;i:3;i:30;i:4;i:31;}, Total: 41
Valor: a:5:{i:0;i:16;i:1;i:27;i:2;i:29;i:3;i:30;i:4;i:32;}, Total: 12
Valor: a:5:{i:0;i:16;i:1;i:27;i:2;i:29;i:3;i:31;i:4;i:32;}, Total: 7
Valor: a:5:{i:0;i:16;i:1;i:27;i:2;i:29;i:3;i:484;i:4;i:486;}, Total: 2
Valor: a:5:{i:0;i:16;i:1;i:27;i:2;i:30;i:3;i:31;i:4;i:32;}, Total: 9
Valor: a:5:{i:0;i:16;i:1;i:27;i:2;i:30;i:3;i:484;i:4;i:486;}, Total: 2
Valor: a:5:{i:0;i:16;i:1;i:27;i:2;i:31;i:3;i:484;i:4;i:485;}, Total: 16
Valor: a:5:{i:0;i:16;i:1;i:27;i:2;i:31;i:3;i:484;i:4;i:486;}, Total: 23
Valor: a:5:{i:0;i:16;i:1;i:27;i:2;i:31;i:3;i:484;i:4;i:488;}, Total: 9
Valor: a:5:{i:0;i:16;i:1;i:27;i:2;i:34;i:3;i:29;i:4;i:30;}, Total: 3
Valor: a:5:{i:0;i:16;i:1;i:27;i:2;i:34;i:3;i:484;i:4;i:486;}, Total: 4
Valor: a:5:{i:0;i:16;i:1;i:27;i:2;i:484;i:3;i:488;i:4;i:485;}, Total: 4
Valor: a:5:{i:0;i:16;i:1;i:27;i:2;i:484;i:3;i:488;i:4;i:486;}, Total: 6
Valor: a:5:{i:0;i:16;i:1;i:34;i:2;i:16;i:3;i:484;i:4;i:486;}, Total: 2
Valor: a:5:{i:0;i:16;i:1;i:34;i:2;i:27;i:3;i:484;i:4;i:486;}, Total: 2
Valor: a:5:{i:0;i:16;i:1;i:34;i:2;i:34;i:3;i:484;i:4;i:486;}, Total: 2
Valor: a:5:{i:0;i:16;i:1;i:34;i:2;i:34;i:3;i:484;i:4;i:488;}, Total: 2
Valor: a:5:{i:0;i:16;i:1;i:34;i:2;i:484;i:3;i:488;i:4;i:485;}, Total: 4
Valor: a:5:{i:0;i:16;i:1;i:34;i:2;i:484;i:3;i:488;i:4;i:486;}, Total: 3
Valor: a:5:{i:0;i:16;i:1;i:484;i:2;i:487;i:3;i:486;i:4;i:485;}, Total: 3
Valor: a:5:{i:0;i:16;i:1;i:484;i:2;i:488;i:3;i:486;i:4;i:485;}, Total: 17
Valor: a:5:{i:0;i:16;i:1;i:484;i:2;i:488;i:3;i:487;i:4;i:486;}, Total: 2
Valor: a:5:{i:0;i:27;i:1;i:16;i:2;i:29;i:3;i:30;i:4;i:31;}, Total: 2
Valor: a:5:{i:0;i:27;i:1;i:16;i:2;i:29;i:3;i:484;i:4;i:486;}, Total: 2
Valor: a:5:{i:0;i:27;i:1;i:27;i:2;i:29;i:3;i:30;i:4;i:31;}, Total: 24
Valor: a:5:{i:0;i:27;i:1;i:27;i:2;i:29;i:3;i:30;i:4;i:32;}, Total: 3
Valor: a:5:{i:0;i:27;i:1;i:27;i:2;i:29;i:3;i:484;i:4;i:486;}, Total: 68
Valor: a:5:{i:0;i:27;i:1;i:27;i:2;i:30;i:3;i:31;i:4;i:32;}, Total: 9
Valor: a:5:{i:0;i:27;i:1;i:27;i:2;i:30;i:3;i:484;i:4;i:486;}, Total: 40
Valor: a:5:{i:0;i:27;i:1;i:27;i:2;i:31;i:3;i:484;i:4;i:486;}, Total: 35
Valor: a:5:{i:0;i:27;i:1;i:28;i:2;i:29;i:3;i:30;i:4;i:31;}, Total: 18
Valor: a:5:{i:0;i:27;i:1;i:28;i:2;i:30;i:3;i:31;i:4;i:32;}, Total: 13
Valor: a:5:{i:0;i:27;i:1;i:28;i:2;i:30;i:3;i:484;i:4;i:486;}, Total: 4
Valor: a:5:{i:0;i:27;i:1;i:28;i:2;i:31;i:3;i:484;i:4;i:488;}, Total: 2
Valor: a:5:{i:0;i:27;i:1;i:29;i:2;i:30;i:3;i:31;i:4;i:32;}, Total: 350
Valor: a:5:{i:0;i:27;i:1;i:29;i:2;i:30;i:3;i:31;i:4;i:33;}, Total: 13
Valor: a:5:{i:0;i:27;i:1;i:29;i:2;i:30;i:3;i:484;i:4;i:485;}, Total: 50
Valor: a:5:{i:0;i:27;i:1;i:29;i:2;i:30;i:3;i:484;i:4;i:486;}, Total: 46
Valor: a:5:{i:0;i:27;i:1;i:29;i:2;i:30;i:3;i:484;i:4;i:487;}, Total: 120
Valor: a:5:{i:0;i:27;i:1;i:29;i:2;i:30;i:3;i:484;i:4;i:488;}, Total: 25
Valor: a:5:{i:0;i:27;i:1;i:29;i:2;i:31;i:3;i:484;i:4;i:485;}, Total: 24
Valor: a:5:{i:0;i:27;i:1;i:29;i:2;i:31;i:3;i:484;i:4;i:486;}, Total: 18
Valor: a:5:{i:0;i:27;i:1;i:29;i:2;i:31;i:3;i:484;i:4;i:487;}, Total: 20
Valor: a:5:{i:0;i:27;i:1;i:29;i:2;i:31;i:3;i:484;i:4;i:488;}, Total: 11
Valor: a:5:{i:0;i:27;i:1;i:29;i:2;i:32;i:3;i:484;i:4;i:487;}, Total: 4
Valor: a:5:{i:0;i:27;i:1;i:29;i:2;i:32;i:3;i:484;i:4;i:488;}, Total: 2
Valor: a:5:{i:0;i:27;i:1;i:30;i:2;i:31;i:3;i:484;i:4;i:485;}, Total: 47
Valor: a:5:{i:0;i:27;i:1;i:30;i:2;i:31;i:3;i:484;i:4;i:486;}, Total: 203
Valor: a:5:{i:0;i:27;i:1;i:30;i:2;i:31;i:3;i:484;i:4;i:488;}, Total: 36
Valor: a:5:{i:0;i:27;i:1;i:30;i:2;i:32;i:3;i:484;i:4;i:485;}, Total: 3
Valor: a:5:{i:0;i:27;i:1;i:30;i:2;i:32;i:3;i:484;i:4;i:486;}, Total: 2
Valor: a:5:{i:0;i:27;i:1;i:31;i:2;i:32;i:3;i:484;i:4;i:485;}, Total: 3
Valor: a:5:{i:0;i:27;i:1;i:31;i:2;i:32;i:3;i:484;i:4;i:486;}, Total: 10
Valor: a:5:{i:0;i:27;i:1;i:31;i:2;i:32;i:3;i:484;i:4;i:488;}, Total: 3
Valor: a:5:{i:0;i:27;i:1;i:31;i:2;i:484;i:3;i:486;i:4;i:488;}, Total: 2
Valor: a:5:{i:0;i:27;i:1;i:31;i:2;i:484;i:3;i:488;i:4;i:485;}, Total: 2
Valor: a:5:{i:0;i:27;i:1;i:34;i:2;i:29;i:3;i:30;i:4;i:31;}, Total: 5
Valor: a:5:{i:0;i:27;i:1;i:34;i:2;i:29;i:3;i:30;i:4;i:32;}, Total: 7
Valor: a:5:{i:0;i:27;i:1;i:34;i:2;i:29;i:3;i:31;i:4;i:32;}, Total: 4
Valor: a:5:{i:0;i:27;i:1;i:34;i:2;i:30;i:3;i:31;i:4;i:32;}, Total: 2
Valor: a:5:{i:0;i:27;i:1;i:34;i:2;i:31;i:3;i:484;i:4;i:486;}, Total: 9
Valor: a:5:{i:0;i:27;i:1;i:40;i:2;i:29;i:3;i:30;i:4;i:32;}, Total: 2
Valor: a:5:{i:0;i:27;i:1;i:40;i:2;i:41;i:3;i:29;i:4;i:30;}, Total: 13
Valor: a:5:{i:0;i:27;i:1;i:484;i:2;i:487;i:3;i:486;i:4;i:485;}, Total: 2
Valor: a:5:{i:0;i:27;i:1;i:484;i:2;i:488;i:3;i:486;i:4;i:485;}, Total: 18
Valor: a:5:{i:0;i:27;i:1;i:484;i:2;i:488;i:3;i:487;i:4;i:486;}, Total: 6
Valor: a:5:{i:0;i:34;i:1;i:27;i:2;i:34;i:3;i:484;i:4;i:486;}, Total: 2
Valor: a:5:{i:0;i:34;i:1;i:35;i:2;i:34;i:3;i:484;i:4;i:486;}, Total: 50
Valor: a:5:{i:0;i:34;i:1;i:35;i:2;i:36;i:3;i:37;i:4;i:34;}, Total: 2
Valor: a:5:{i:0;i:34;i:1;i:35;i:2;i:37;i:3;i:16;i:4;i:34;}, Total: 2
Valor: a:5:{i:0;i:34;i:1;i:36;i:2;i:34;i:3;i:484;i:4;i:486;}, Total: 40
Valor: a:5:{i:0;i:34;i:1;i:37;i:2;i:34;i:3;i:484;i:4;i:486;}, Total: 11
Valor: a:5:{i:0;i:34;i:1;i:38;i:2;i:34;i:3;i:484;i:4;i:486;}, Total: 4
Valor: a:5:{i:0;i:34;i:1;i:484;i:2;i:486;i:3;i:488;i:4;i:485;}, Total: 4
Valor: a:5:{i:0;i:34;i:1;i:484;i:2;i:487;i:3;i:486;i:4;i:485;}, Total: 4
Valor: a:5:{i:0;i:34;i:1;i:484;i:2;i:488;i:3;i:486;i:4;i:485;}, Total: 55
Valor: a:5:{i:0;i:34;i:1;i:484;i:2;i:488;i:3;i:487;i:4;i:485;}, Total: 2
Valor: a:5:{i:0;i:34;i:1;i:484;i:2;i:488;i:3;i:487;i:4;i:486;}, Total: 5
Valor: a:5:{i:0;i:484;i:1;i:486;i:2;i:484;i:3;i:486;i:4;i:485;}, Total: 4
Valor: a:5:{i:0;s:2:"16";i:1;s:2:"17";i:2;s:2:"18";i:3;s:2:"20";i:4;s:2:"21";}, Total: 19
Valor: a:5:{i:0;s:2:"16";i:1;s:2:"17";i:2;s:2:"20";i:3;s:2:"21";i:4;s:3:"484";}, Total: 3
Valor: a:5:{i:0;s:2:"16";i:1;s:2:"17";i:2;s:2:"20";i:3;s:3:"484";i:4;s:3:"488";}, Total: 5
Valor: a:5:{i:0;s:2:"16";i:1;s:2:"17";i:2;s:2:"22";i:3;s:3:"484";i:4;s:3:"488";}, Total: 2
Valor: a:5:{i:0;s:2:"16";i:1;s:2:"20";i:2;s:2:"21";i:3;s:3:"484";i:4;s:3:"486";}, Total: 3
Valor: a:5:{i:0;s:2:"16";i:1;s:2:"20";i:2;s:2:"21";i:3;s:3:"484";i:4;s:3:"487";}, Total: 5
Valor: a:5:{i:0;s:2:"16";i:1;s:2:"20";i:2;s:2:"21";i:3;s:3:"484";i:4;s:3:"488";}, Total: 3
Valor: a:5:{i:0;s:2:"16";i:1;s:2:"20";i:2;s:2:"23";i:3;s:2:"27";i:4;s:2:"34";}, Total: 2
Valor: a:5:{i:0;s:2:"16";i:1;s:2:"20";i:2;s:2:"27";i:3;s:2:"29";i:4;s:2:"30";}, Total: 2
Valor: a:5:{i:0;s:2:"16";i:1;s:2:"20";i:2;s:2:"27";i:3;s:2:"34";i:4;s:2:"39";}, Total: 2
Valor: a:5:{i:0;s:2:"16";i:1;s:2:"20";i:2;s:2:"34";i:3;s:2:"35";i:4;s:2:"34";}, Total: 2
Valor: a:5:{i:0;s:2:"16";i:1;s:2:"23";i:2;s:2:"27";i:3;s:2:"34";i:4;s:2:"39";}, Total: 4
Valor: a:5:{i:0;s:2:"16";i:1;s:2:"27";i:2;s:2:"34";i:3;s:2:"40";i:4;s:2:"31";}, Total: 2
Valor: a:5:{i:0;s:2:"27";i:1;s:2:"29";i:2;s:2:"30";i:3;s:3:"484";i:4;s:3:"487";}, Total: 2
Valor: a:6:{i:0;i:16;i:1;i:17;i:2;i:16;i:3;i:25;i:4;i:484;i:5;i:487;}, Total: 2
Valor: a:6:{i:0;i:16;i:1;i:17;i:2;i:16;i:3;i:25;i:4;i:484;i:5;i:488;}, Total: 2
Valor: a:6:{i:0;i:16;i:1;i:17;i:2;i:18;i:3;i:16;i:4;i:484;i:5;i:485;}, Total: 3
Valor: a:6:{i:0;i:16;i:1;i:17;i:2;i:18;i:3;i:16;i:4;i:484;i:5;i:486;}, Total: 13
Valor: a:6:{i:0;i:16;i:1;i:17;i:2;i:18;i:3;i:16;i:4;i:484;i:5;i:487;}, Total: 2
Valor: a:6:{i:0;i:16;i:1;i:17;i:2;i:18;i:3;i:20;i:4;i:1579;i:5;i:21;}, Total: 10
Valor: a:6:{i:0;i:16;i:1;i:17;i:2;i:18;i:3;i:20;i:4;i:1579;i:5;i:27;}, Total: 4
Valor: a:6:{i:0;i:16;i:1;i:17;i:2;i:18;i:3;i:20;i:4;i:20;i:5;i:21;}, Total: 2
Valor: a:6:{i:0;i:16;i:1;i:17;i:2;i:18;i:3;i:20;i:4;i:21;i:5;i:16;}, Total: 37
Valor: a:6:{i:0;i:16;i:1;i:17;i:2;i:18;i:3;i:20;i:4;i:21;i:5;i:22;}, Total: 36
Valor: a:6:{i:0;i:16;i:1;i:17;i:2;i:18;i:3;i:20;i:4;i:21;i:5;i:23;}, Total: 10
Valor: a:6:{i:0;i:16;i:1;i:17;i:2;i:18;i:3;i:20;i:4;i:21;i:5;i:24;}, Total: 100
Valor: a:6:{i:0;i:16;i:1;i:17;i:2;i:18;i:3;i:20;i:4;i:21;i:5;i:27;}, Total: 21
Valor: a:6:{i:0;i:16;i:1;i:17;i:2;i:18;i:3;i:20;i:4;i:21;i:5;i:34;}, Total: 36
Valor: a:6:{i:0;i:16;i:1;i:17;i:2;i:18;i:3;i:20;i:4;i:22;i:5;i:16;}, Total: 3
Valor: a:6:{i:0;i:16;i:1;i:17;i:2;i:18;i:3;i:20;i:4;i:27;i:5;i:29;}, Total: 2
Valor: a:6:{i:0;i:16;i:1;i:17;i:2;i:18;i:3;i:20;i:4;i:27;i:5;i:31;}, Total: 7
Valor: a:6:{i:0;i:16;i:1;i:17;i:2;i:18;i:3;i:20;i:4;i:34;i:5;i:16;}, Total: 2
Valor: a:6:{i:0;i:16;i:1;i:17;i:2;i:18;i:3;i:20;i:4;i:484;i:5;i:485;}, Total: 47
Valor: a:6:{i:0;i:16;i:1;i:17;i:2;i:18;i:3;i:20;i:4;i:484;i:5;i:486;}, Total: 141
Valor: a:6:{i:0;i:16;i:1;i:17;i:2;i:18;i:3;i:20;i:4;i:484;i:5;i:487;}, Total: 22
Valor: a:6:{i:0;i:16;i:1;i:17;i:2;i:18;i:3;i:20;i:4;i:484;i:5;i:488;}, Total: 864
Valor: a:6:{i:0;i:16;i:1;i:17;i:2;i:18;i:3;i:21;i:4;i:16;i:5;i:25;}, Total: 3
Valor: a:6:{i:0;i:16;i:1;i:17;i:2;i:18;i:3;i:21;i:4;i:22;i:5;i:27;}, Total: 2
Valor: a:6:{i:0;i:16;i:1;i:17;i:2;i:18;i:3;i:21;i:4;i:22;i:5;i:34;}, Total: 2
Valor: a:6:{i:0;i:16;i:1;i:17;i:2;i:18;i:3;i:21;i:4;i:27;i:5;i:29;}, Total: 3
Valor: a:6:{i:0;i:16;i:1;i:17;i:2;i:18;i:3;i:21;i:4;i:27;i:5;i:31;}, Total: 7
Valor: a:6:{i:0;i:16;i:1;i:17;i:2;i:18;i:3;i:21;i:4;i:27;i:5;i:34;}, Total: 3
Valor: a:6:{i:0;i:16;i:1;i:17;i:2;i:18;i:3;i:21;i:4;i:484;i:5;i:485;}, Total: 6
Valor: a:6:{i:0;i:16;i:1;i:17;i:2;i:18;i:3;i:21;i:4;i:484;i:5;i:486;}, Total: 13
Valor: a:6:{i:0;i:16;i:1;i:17;i:2;i:18;i:3;i:21;i:4;i:484;i:5;i:487;}, Total: 10
Valor: a:6:{i:0;i:16;i:1;i:17;i:2;i:18;i:3;i:21;i:4;i:484;i:5;i:488;}, Total: 13
Valor: a:6:{i:0;i:16;i:1;i:17;i:2;i:18;i:3;i:22;i:4;i:484;i:5;i:488;}, Total: 2
Valor: a:6:{i:0;i:16;i:1;i:17;i:2;i:18;i:3;i:27;i:4;i:16;i:5;i:31;}, Total: 2
Valor: a:6:{i:0;i:16;i:1;i:17;i:2;i:18;i:3;i:27;i:4;i:29;i:5;i:31;}, Total: 2
Valor: a:6:{i:0;i:16;i:1;i:17;i:2;i:18;i:3;i:27;i:4;i:29;i:5;i:32;}, Total: 3
Valor: a:6:{i:0;i:16;i:1;i:17;i:2;i:18;i:3;i:27;i:4;i:484;i:5;i:485;}, Total: 12
Valor: a:6:{i:0;i:16;i:1;i:17;i:2;i:18;i:3;i:27;i:4;i:484;i:5;i:486;}, Total: 14
Valor: a:6:{i:0;i:16;i:1;i:17;i:2;i:18;i:3;i:27;i:4;i:484;i:5;i:488;}, Total: 2
Valor: a:6:{i:0;i:16;i:1;i:17;i:2;i:18;i:3;i:34;i:4;i:484;i:5;i:486;}, Total: 4
Valor: a:6:{i:0;i:16;i:1;i:17;i:2;i:18;i:3;i:34;i:4;i:484;i:5;i:488;}, Total: 7
Valor: a:6:{i:0;i:16;i:1;i:17;i:2;i:18;i:3;i:484;i:4;i:486;i:5;i:485;}, Total: 3
Valor: a:6:{i:0;i:16;i:1;i:17;i:2;i:18;i:3;i:484;i:4;i:486;i:5;i:488;}, Total: 2
Valor: a:6:{i:0;i:16;i:1;i:17;i:2;i:18;i:3;i:484;i:4;i:487;i:5;i:486;}, Total: 2
Valor: a:6:{i:0;i:16;i:1;i:17;i:2;i:18;i:3;i:484;i:4;i:488;i:5;i:485;}, Total: 3
Valor: a:6:{i:0;i:16;i:1;i:17;i:2;i:18;i:3;i:484;i:4;i:488;i:5;i:486;}, Total: 10
Valor: a:6:{i:0;i:16;i:1;i:17;i:2;i:18;i:3;i:484;i:4;i:488;i:5;i:487;}, Total: 4
Valor: a:6:{i:0;i:16;i:1;i:17;i:2;i:20;i:3;i:16;i:4;i:484;i:5;i:486;}, Total: 266
Valor: a:6:{i:0;i:16;i:1;i:17;i:2;i:20;i:3;i:16;i:4;i:484;i:5;i:488;}, Total: 2
Valor: a:6:{i:0;i:16;i:1;i:17;i:2;i:20;i:3;i:21;i:4;i:16;i:5;i:25;}, Total: 2
Valor: a:6:{i:0;i:16;i:1;i:17;i:2;i:20;i:3;i:21;i:4;i:24;i:5;i:34;}, Total: 2
Valor: a:6:{i:0;i:16;i:1;i:17;i:2;i:20;i:3;i:21;i:4;i:27;i:5;i:31;}, Total: 3
Valor: a:6:{i:0;i:16;i:1;i:17;i:2;i:20;i:3;i:21;i:4;i:27;i:5;i:34;}, Total: 3
Valor: a:6:{i:0;i:16;i:1;i:17;i:2;i:20;i:3;i:21;i:4;i:34;i:5;i:16;}, Total: 2
Valor: a:6:{i:0;i:16;i:1;i:17;i:2;i:20;i:3;i:21;i:4;i:484;i:5;i:485;}, Total: 6
Valor: a:6:{i:0;i:16;i:1;i:17;i:2;i:20;i:3;i:21;i:4;i:484;i:5;i:486;}, Total: 18
Valor: a:6:{i:0;i:16;i:1;i:17;i:2;i:20;i:3;i:21;i:4;i:484;i:5;i:487;}, Total: 29
Valor: a:6:{i:0;i:16;i:1;i:17;i:2;i:20;i:3;i:21;i:4;i:484;i:5;i:488;}, Total: 44
Valor: a:6:{i:0;i:16;i:1;i:17;i:2;i:20;i:3;i:22;i:4;i:484;i:5;i:488;}, Total: 5
Valor: a:6:{i:0;i:16;i:1;i:17;i:2;i:20;i:3;i:23;i:4;i:27;i:5;i:34;}, Total: 5
Valor: a:6:{i:0;i:16;i:1;i:17;i:2;i:20;i:3;i:27;i:4;i:16;i:5;i:31;}, Total: 2
Valor: a:6:{i:0;i:16;i:1;i:17;i:2;i:20;i:3;i:27;i:4;i:29;i:5;i:31;}, Total: 3
Valor: a:6:{i:0;i:16;i:1;i:17;i:2;i:20;i:3;i:27;i:4;i:29;i:5;i:32;}, Total: 3
Valor: a:6:{i:0;i:16;i:1;i:17;i:2;i:20;i:3;i:27;i:4;i:484;i:5;i:485;}, Total: 5
Valor: a:6:{i:0;i:16;i:1;i:17;i:2;i:20;i:3;i:27;i:4;i:484;i:5;i:486;}, Total: 20
Valor: a:6:{i:0;i:16;i:1;i:17;i:2;i:20;i:3;i:34;i:4;i:484;i:5;i:485;}, Total: 2
Valor: a:6:{i:0;i:16;i:1;i:17;i:2;i:20;i:3;i:34;i:4;i:484;i:5;i:486;}, Total: 10
Valor: a:6:{i:0;i:16;i:1;i:17;i:2;i:20;i:3;i:34;i:4;i:484;i:5;i:487;}, Total: 3
Valor: a:6:{i:0;i:16;i:1;i:17;i:2;i:20;i:3;i:34;i:4;i:484;i:5;i:488;}, Total: 12
Valor: a:6:{i:0;i:16;i:1;i:17;i:2;i:20;i:3;i:484;i:4;i:486;i:5;i:485;}, Total: 6
Valor: a:6:{i:0;i:16;i:1;i:17;i:2;i:20;i:3;i:484;i:4;i:486;i:5;i:486;}, Total: 2
Valor: a:6:{i:0;i:16;i:1;i:17;i:2;i:20;i:3;i:484;i:4;i:486;i:5;i:488;}, Total: 3
Valor: a:6:{i:0;i:16;i:1;i:17;i:2;i:20;i:3;i:484;i:4;i:487;i:5;i:486;}, Total: 5
Valor: a:6:{i:0;i:16;i:1;i:17;i:2;i:20;i:3;i:484;i:4;i:488;i:5;i:485;}, Total: 6
Valor: a:6:{i:0;i:16;i:1;i:17;i:2;i:20;i:3;i:484;i:4;i:488;i:5;i:486;}, Total: 31
Valor: a:6:{i:0;i:16;i:1;i:17;i:2;i:20;i:3;i:484;i:4;i:488;i:5;i:487;}, Total: 2
Valor: a:6:{i:0;i:16;i:1;i:17;i:2;i:21;i:3;i:16;i:4;i:484;i:5;i:486;}, Total: 5
Valor: a:6:{i:0;i:16;i:1;i:17;i:2;i:21;i:3;i:22;i:4;i:27;i:5;i:34;}, Total: 2
Valor: a:6:{i:0;i:16;i:1;i:17;i:2;i:21;i:3;i:22;i:4;i:484;i:5;i:488;}, Total: 2
Valor: a:6:{i:0;i:16;i:1;i:17;i:2;i:21;i:3;i:27;i:4;i:29;i:5;i:30;}, Total: 2
Valor: a:6:{i:0;i:16;i:1;i:17;i:2;i:21;i:3;i:34;i:4;i:484;i:5;i:486;}, Total: 3
Valor: a:6:{i:0;i:16;i:1;i:17;i:2;i:22;i:3;i:16;i:4;i:484;i:5;i:486;}, Total: 2
Valor: a:6:{i:0;i:16;i:1;i:17;i:2;i:27;i:3;i:31;i:4;i:484;i:5;i:485;}, Total: 2
Valor: a:6:{i:0;i:16;i:1;i:17;i:2;i:27;i:3;i:31;i:4;i:484;i:5;i:486;}, Total: 2
Valor: a:6:{i:0;i:16;i:1;i:17;i:2;i:27;i:3;i:31;i:4;i:484;i:5;i:488;}, Total: 5
Valor: a:6:{i:0;i:16;i:1;i:17;i:2;i:27;i:3;i:34;i:4;i:29;i:5;i:31;}, Total: 2
Valor: a:6:{i:0;i:16;i:1;i:17;i:2;i:34;i:3;i:16;i:4;i:484;i:5;i:486;}, Total: 3
Valor: a:6:{i:0;i:16;i:1;i:17;i:2;i:484;i:3;i:488;i:4;i:486;i:5;i:485;}, Total: 2
Valor: a:6:{i:0;i:16;i:1;i:18;i:2;i:20;i:3;i:16;i:4;i:484;i:5;i:485;}, Total: 3
Valor: a:6:{i:0;i:16;i:1;i:18;i:2;i:20;i:3;i:16;i:4;i:484;i:5;i:486;}, Total: 91
Valor: a:6:{i:0;i:16;i:1;i:18;i:2;i:20;i:3;i:16;i:4;i:484;i:5;i:488;}, Total: 5
Valor: a:6:{i:0;i:16;i:1;i:18;i:2;i:20;i:3;i:21;i:4;i:16;i:5;i:25;}, Total: 5
Valor: a:6:{i:0;i:16;i:1;i:18;i:2;i:20;i:3;i:21;i:4;i:27;i:5;i:31;}, Total: 11
Valor: a:6:{i:0;i:16;i:1;i:18;i:2;i:20;i:3;i:21;i:4;i:34;i:5;i:16;}, Total: 4
Valor: a:6:{i:0;i:16;i:1;i:18;i:2;i:20;i:3;i:21;i:4;i:484;i:5;i:485;}, Total: 7
Valor: a:6:{i:0;i:16;i:1;i:18;i:2;i:20;i:3;i:21;i:4;i:484;i:5;i:486;}, Total: 25
Valor: a:6:{i:0;i:16;i:1;i:18;i:2;i:20;i:3;i:21;i:4;i:484;i:5;i:487;}, Total: 30
Valor: a:6:{i:0;i:16;i:1;i:18;i:2;i:20;i:3;i:21;i:4;i:484;i:5;i:488;}, Total: 32
Valor: a:6:{i:0;i:16;i:1;i:18;i:2;i:20;i:3;i:22;i:4;i:484;i:5;i:488;}, Total: 6
Valor: a:6:{i:0;i:16;i:1;i:18;i:2;i:20;i:3;i:27;i:4;i:16;i:5;i:31;}, Total: 3
Valor: a:6:{i:0;i:16;i:1;i:18;i:2;i:20;i:3;i:27;i:4;i:29;i:5;i:31;}, Total: 6
Valor: a:6:{i:0;i:16;i:1;i:18;i:2;i:20;i:3;i:27;i:4;i:30;i:5;i:32;}, Total: 2
Valor: a:6:{i:0;i:16;i:1;i:18;i:2;i:20;i:3;i:27;i:4;i:484;i:5;i:485;}, Total: 14
Valor: a:6:{i:0;i:16;i:1;i:18;i:2;i:20;i:3;i:27;i:4;i:484;i:5;i:486;}, Total: 45
Valor: a:6:{i:0;i:16;i:1;i:18;i:2;i:20;i:3;i:27;i:4;i:484;i:5;i:488;}, Total: 12
Valor: a:6:{i:0;i:16;i:1;i:18;i:2;i:20;i:3;i:34;i:4;i:484;i:5;i:485;}, Total: 9
Valor: a:6:{i:0;i:16;i:1;i:18;i:2;i:20;i:3;i:34;i:4;i:484;i:5;i:486;}, Total: 7
Valor: a:6:{i:0;i:16;i:1;i:18;i:2;i:20;i:3;i:34;i:4;i:484;i:5;i:488;}, Total: 14
Valor: a:6:{i:0;i:16;i:1;i:18;i:2;i:20;i:3;i:484;i:4;i:486;i:5;i:485;}, Total: 8
Valor: a:6:{i:0;i:16;i:1;i:18;i:2;i:20;i:3;i:484;i:4;i:487;i:5;i:485;}, Total: 2
Valor: a:6:{i:0;i:16;i:1;i:18;i:2;i:20;i:3;i:484;i:4;i:487;i:5;i:488;}, Total: 3
Valor: a:6:{i:0;i:16;i:1;i:18;i:2;i:20;i:3;i:484;i:4;i:488;i:5;i:485;}, Total: 14
Valor: a:6:{i:0;i:16;i:1;i:18;i:2;i:20;i:3;i:484;i:4;i:488;i:5;i:486;}, Total: 21
Valor: a:6:{i:0;i:16;i:1;i:18;i:2;i:20;i:3;i:484;i:4;i:488;i:5;i:487;}, Total: 7
Valor: a:6:{i:0;i:16;i:1;i:18;i:2;i:21;i:3;i:16;i:4;i:484;i:5;i:486;}, Total: 14
Valor: a:6:{i:0;i:16;i:1;i:18;i:2;i:21;i:3;i:27;i:4;i:29;i:5;i:30;}, Total: 5
Valor: a:6:{i:0;i:16;i:1;i:18;i:2;i:21;i:3;i:27;i:4;i:29;i:5;i:31;}, Total: 3
Valor: a:6:{i:0;i:16;i:1;i:18;i:2;i:21;i:3;i:27;i:4;i:29;i:5;i:32;}, Total: 2
Valor: a:6:{i:0;i:16;i:1;i:18;i:2;i:21;i:3;i:27;i:4;i:34;i:5;i:29;}, Total: 2
Valor: a:6:{i:0;i:16;i:1;i:18;i:2;i:21;i:3;i:27;i:4;i:34;i:5;i:31;}, Total: 3
Valor: a:6:{i:0;i:16;i:1;i:18;i:2;i:21;i:3;i:34;i:4;i:484;i:5;i:485;}, Total: 10
Valor: a:6:{i:0;i:16;i:1;i:18;i:2;i:21;i:3;i:34;i:4;i:484;i:5;i:486;}, Total: 5
Valor: a:6:{i:0;i:16;i:1;i:18;i:2;i:21;i:3;i:34;i:4;i:484;i:5;i:488;}, Total: 2
Valor: a:6:{i:0;i:16;i:1;i:18;i:2;i:21;i:3;i:484;i:4;i:488;i:5;i:485;}, Total: 2
Valor: a:6:{i:0;i:16;i:1;i:18;i:2;i:21;i:3;i:484;i:4;i:488;i:5;i:486;}, Total: 2
Valor: a:6:{i:0;i:16;i:1;i:18;i:2;i:27;i:3;i:29;i:4;i:30;i:5;i:31;}, Total: 4
Valor: a:6:{i:0;i:16;i:1;i:18;i:2;i:27;i:3;i:29;i:4;i:31;i:5;i:32;}, Total: 3
Valor: a:6:{i:0;i:16;i:1;i:18;i:2;i:27;i:3;i:31;i:4;i:484;i:5;i:485;}, Total: 9
Valor: a:6:{i:0;i:16;i:1;i:18;i:2;i:27;i:3;i:31;i:4;i:484;i:5;i:486;}, Total: 2
Valor: a:6:{i:0;i:16;i:1;i:18;i:2;i:27;i:3;i:31;i:4;i:484;i:5;i:488;}, Total: 6
Valor: a:6:{i:0;i:16;i:1;i:18;i:2;i:27;i:3;i:34;i:4;i:29;i:5;i:30;}, Total: 2
Valor: a:6:{i:0;i:16;i:1;i:18;i:2;i:27;i:3;i:34;i:4;i:484;i:5;i:486;}, Total: 2
Valor: a:6:{i:0;i:16;i:1;i:18;i:2;i:34;i:3;i:484;i:4;i:488;i:5;i:486;}, Total: 3
Valor: a:6:{i:0;i:16;i:1;i:18;i:2;i:484;i:3;i:488;i:4;i:486;i:5;i:485;}, Total: 28
Valor: a:6:{i:0;i:16;i:1;i:20;i:2;i:16;i:3;i:20;i:4;i:484;i:5;i:488;}, Total: 2
Valor: a:6:{i:0;i:16;i:1;i:20;i:2;i:16;i:3;i:25;i:4;i:484;i:5;i:485;}, Total: 9
Valor: a:6:{i:0;i:16;i:1;i:20;i:2;i:16;i:3;i:25;i:4;i:484;i:5;i:486;}, Total: 6
Valor: a:6:{i:0;i:16;i:1;i:20;i:2;i:16;i:3;i:25;i:4;i:484;i:5;i:487;}, Total: 52
Valor: a:6:{i:0;i:16;i:1;i:20;i:2;i:16;i:3;i:25;i:4;i:484;i:5;i:488;}, Total: 12
Valor: a:6:{i:0;i:16;i:1;i:20;i:2;i:16;i:3;i:484;i:4;i:486;i:5;i:485;}, Total: 9
Valor: a:6:{i:0;i:16;i:1;i:20;i:2;i:16;i:3;i:484;i:4;i:486;i:5;i:487;}, Total: 5
Valor: a:6:{i:0;i:16;i:1;i:20;i:2;i:16;i:3;i:484;i:4;i:486;i:5;i:488;}, Total: 6
Valor: a:6:{i:0;i:16;i:1;i:20;i:2;i:16;i:3;i:484;i:4;i:487;i:5;i:486;}, Total: 2
Valor: a:6:{i:0;i:16;i:1;i:20;i:2;i:16;i:3;i:484;i:4;i:488;i:5;i:486;}, Total: 3
Valor: a:6:{i:0;i:16;i:1;i:20;i:2;i:21;i:3;i:16;i:4;i:484;i:5;i:486;}, Total: 96
Valor: a:6:{i:0;i:16;i:1;i:20;i:2;i:21;i:3;i:22;i:4;i:27;i:5;i:29;}, Total: 2
Valor: a:6:{i:0;i:16;i:1;i:20;i:2;i:21;i:3;i:22;i:4;i:484;i:5;i:486;}, Total: 7
Valor: a:6:{i:0;i:16;i:1;i:20;i:2;i:21;i:3;i:23;i:4;i:27;i:5;i:34;}, Total: 4
Valor: a:6:{i:0;i:16;i:1;i:20;i:2;i:21;i:3;i:27;i:4;i:16;i:5;i:25;}, Total: 2
Valor: a:6:{i:0;i:16;i:1;i:20;i:2;i:21;i:3;i:27;i:4;i:29;i:5;i:30;}, Total: 8
Valor: a:6:{i:0;i:16;i:1;i:20;i:2;i:21;i:3;i:27;i:4;i:29;i:5;i:31;}, Total: 3
Valor: a:6:{i:0;i:16;i:1;i:20;i:2;i:21;i:3;i:27;i:4;i:29;i:5;i:32;}, Total: 5
Valor: a:6:{i:0;i:16;i:1;i:20;i:2;i:21;i:3;i:27;i:4;i:30;i:5;i:31;}, Total: 2
Valor: a:6:{i:0;i:16;i:1;i:20;i:2;i:21;i:3;i:27;i:4;i:34;i:5;i:31;}, Total: 2
Valor: a:6:{i:0;i:16;i:1;i:20;i:2;i:21;i:3;i:27;i:4;i:484;i:5;i:486;}, Total: 6
Valor: a:6:{i:0;i:16;i:1;i:20;i:2;i:21;i:3;i:27;i:4;i:484;i:5;i:488;}, Total: 2
Valor: a:6:{i:0;i:16;i:1;i:20;i:2;i:21;i:3;i:34;i:4;i:484;i:5;i:485;}, Total: 2
Valor: a:6:{i:0;i:16;i:1;i:20;i:2;i:21;i:3;i:34;i:4;i:484;i:5;i:486;}, Total: 5
Valor: a:6:{i:0;i:16;i:1;i:20;i:2;i:21;i:3;i:34;i:4;i:484;i:5;i:487;}, Total: 5
Valor: a:6:{i:0;i:16;i:1;i:20;i:2;i:21;i:3;i:34;i:4;i:484;i:5;i:488;}, Total: 9
Valor: a:6:{i:0;i:16;i:1;i:20;i:2;i:21;i:3;i:484;i:4;i:486;i:5;i:487;}, Total: 4
Valor: a:6:{i:0;i:16;i:1;i:20;i:2;i:21;i:3;i:484;i:4;i:486;i:5;i:488;}, Total: 2
Valor: a:6:{i:0;i:16;i:1;i:20;i:2;i:21;i:3;i:484;i:4;i:487;i:5;i:485;}, Total: 4
Valor: a:6:{i:0;i:16;i:1;i:20;i:2;i:21;i:3;i:484;i:4;i:487;i:5;i:486;}, Total: 4
Valor: a:6:{i:0;i:16;i:1;i:20;i:2;i:21;i:3;i:484;i:4;i:487;i:5;i:488;}, Total: 2
Valor: a:6:{i:0;i:16;i:1;i:20;i:2;i:21;i:3;i:484;i:4;i:488;i:5;i:485;}, Total: 2
Valor: a:6:{i:0;i:16;i:1;i:20;i:2;i:21;i:3;i:484;i:4;i:488;i:5;i:486;}, Total: 7
Valor: a:6:{i:0;i:16;i:1;i:20;i:2;i:21;i:3;i:484;i:4;i:488;i:5;i:487;}, Total: 3
Valor: a:6:{i:0;i:16;i:1;i:20;i:2;i:22;i:3;i:16;i:4;i:484;i:5;i:486;}, Total: 12
Valor: a:6:{i:0;i:16;i:1;i:20;i:2;i:22;i:3;i:27;i:4;i:16;i:5;i:31;}, Total: 2
Valor: a:6:{i:0;i:16;i:1;i:20;i:2;i:22;i:3;i:27;i:4;i:29;i:5;i:31;}, Total: 2
Valor: a:6:{i:0;i:16;i:1;i:20;i:2;i:22;i:3;i:27;i:4;i:484;i:5;i:486;}, Total: 3
Valor: a:6:{i:0;i:16;i:1;i:20;i:2;i:23;i:3;i:27;i:4;i:34;i:5;i:34;}, Total: 12
Valor: a:6:{i:0;i:16;i:1;i:20;i:2;i:23;i:3;i:27;i:4;i:34;i:5;i:39;}, Total: 32
Valor: a:6:{i:0;i:16;i:1;i:20;i:2;i:23;i:3;i:27;i:4;i:34;i:5;i:44;}, Total: 2
Valor: a:6:{i:0;i:16;i:1;i:20;i:2;i:24;i:3;i:16;i:4;i:484;i:5;i:486;}, Total: 20
Valor: a:6:{i:0;i:16;i:1;i:20;i:2;i:27;i:3;i:16;i:4;i:484;i:5;i:486;}, Total: 6
Valor: a:6:{i:0;i:16;i:1;i:20;i:2;i:27;i:3;i:27;i:4;i:484;i:5;i:486;}, Total: 7
Valor: a:6:{i:0;i:16;i:1;i:20;i:2;i:27;i:3;i:29;i:4;i:30;i:5;i:32;}, Total: 2
Valor: a:6:{i:0;i:16;i:1;i:20;i:2;i:27;i:3;i:29;i:4;i:31;i:5;i:32;}, Total: 7
Valor: a:6:{i:0;i:16;i:1;i:20;i:2;i:27;i:3;i:29;i:4;i:484;i:5;i:488;}, Total: 2
Valor: a:6:{i:0;i:16;i:1;i:20;i:2;i:27;i:3;i:30;i:4;i:31;i:5;i:32;}, Total: 3
Valor: a:6:{i:0;i:16;i:1;i:20;i:2;i:27;i:3;i:31;i:4;i:484;i:5;i:485;}, Total: 6
Valor: a:6:{i:0;i:16;i:1;i:20;i:2;i:27;i:3;i:31;i:4;i:484;i:5;i:486;}, Total: 16
Valor: a:6:{i:0;i:16;i:1;i:20;i:2;i:27;i:3;i:31;i:4;i:484;i:5;i:488;}, Total: 5
Valor: a:6:{i:0;i:16;i:1;i:20;i:2;i:27;i:3;i:34;i:4;i:484;i:5;i:485;}, Total: 2
Valor: a:6:{i:0;i:16;i:1;i:20;i:2;i:34;i:3;i:16;i:4;i:484;i:5;i:486;}, Total: 14
Valor: a:6:{i:0;i:16;i:1;i:20;i:2;i:34;i:3;i:484;i:4;i:488;i:5;i:485;}, Total: 2
Valor: a:6:{i:0;i:16;i:1;i:20;i:2;i:40;i:3;i:41;i:4;i:484;i:5;i:487;}, Total: 3
Valor: a:6:{i:0;i:16;i:1;i:20;i:2;i:40;i:3;i:42;i:4;i:484;i:5;i:486;}, Total: 7
Valor: a:6:{i:0;i:16;i:1;i:20;i:2;i:40;i:3;i:42;i:4;i:484;i:5;i:487;}, Total: 9
Valor: a:6:{i:0;i:16;i:1;i:20;i:2;i:40;i:3;i:42;i:4;i:484;i:5;i:488;}, Total: 7
Valor: a:6:{i:0;i:16;i:1;i:20;i:2;i:484;i:3;i:488;i:4;i:486;i:5;i:485;}, Total: 12
Valor: a:6:{i:0;i:16;i:1;i:21;i:2;i:16;i:3;i:25;i:4;i:484;i:5;i:487;}, Total: 2
Valor: a:6:{i:0;i:16;i:1;i:21;i:2;i:22;i:3;i:16;i:4;i:484;i:5;i:486;}, Total: 3
Valor: a:6:{i:0;i:16;i:1;i:21;i:2;i:22;i:3;i:27;i:4;i:29;i:5;i:32;}, Total: 2
Valor: a:6:{i:0;i:16;i:1;i:21;i:2;i:27;i:3;i:29;i:4;i:30;i:5;i:31;}, Total: 4
Valor: a:6:{i:0;i:16;i:1;i:21;i:2;i:27;i:3;i:29;i:4;i:30;i:5;i:32;}, Total: 4
Valor: a:6:{i:0;i:16;i:1;i:21;i:2;i:27;i:3;i:29;i:4;i:31;i:5;i:32;}, Total: 3
Valor: a:6:{i:0;i:16;i:1;i:21;i:2;i:27;i:3;i:30;i:4;i:31;i:5;i:32;}, Total: 3
Valor: a:6:{i:0;i:16;i:1;i:21;i:2;i:27;i:3;i:31;i:4;i:484;i:5;i:486;}, Total: 4
Valor: a:6:{i:0;i:16;i:1;i:21;i:2;i:27;i:3;i:34;i:4;i:16;i:5;i:25;}, Total: 2
Valor: a:6:{i:0;i:16;i:1;i:21;i:2;i:27;i:3;i:34;i:4;i:29;i:5;i:30;}, Total: 2
Valor: a:6:{i:0;i:16;i:1;i:21;i:2;i:27;i:3;i:34;i:4;i:29;i:5;i:32;}, Total: 5
Valor: a:6:{i:0;i:16;i:1;i:21;i:2;i:27;i:3;i:34;i:4;i:31;i:5;i:32;}, Total: 2
Valor: a:6:{i:0;i:16;i:1;i:21;i:2;i:34;i:3;i:16;i:4;i:484;i:5;i:486;}, Total: 3
Valor: a:6:{i:0;i:16;i:1;i:23;i:2;i:27;i:3;i:34;i:4;i:39;i:5;i:40;}, Total: 2
Valor: a:6:{i:0;i:16;i:1;i:27;i:2;i:16;i:3;i:31;i:4;i:484;i:5;i:486;}, Total: 5
Valor: a:6:{i:0;i:16;i:1;i:27;i:2;i:27;i:3;i:30;i:4;i:484;i:5;i:486;}, Total: 3
Valor: a:6:{i:0;i:16;i:1;i:27;i:2;i:27;i:3;i:31;i:4;i:484;i:5;i:486;}, Total: 5
Valor: a:6:{i:0;i:16;i:1;i:27;i:2;i:29;i:3;i:30;i:4;i:31;i:5;i:32;}, Total: 8
Valor: a:6:{i:0;i:16;i:1;i:27;i:2;i:29;i:3;i:31;i:4;i:484;i:5;i:486;}, Total: 2
Valor: a:6:{i:0;i:16;i:1;i:27;i:2;i:29;i:3;i:31;i:4;i:484;i:5;i:487;}, Total: 2
Valor: a:6:{i:0;i:16;i:1;i:27;i:2;i:30;i:3;i:31;i:4;i:484;i:5;i:486;}, Total: 3
Valor: a:6:{i:0;i:16;i:1;i:27;i:2;i:31;i:3;i:32;i:4;i:484;i:5;i:486;}, Total: 2
Valor: a:6:{i:0;i:16;i:1;i:27;i:2;i:34;i:3;i:29;i:4;i:30;i:5;i:31;}, Total: 3
Valor: a:6:{i:0;i:16;i:1;i:27;i:2;i:40;i:3;i:41;i:4;i:29;i:5;i:30;}, Total: 3
Valor: a:6:{i:0;i:16;i:1;i:27;i:2;i:484;i:3;i:488;i:4;i:486;i:5;i:485;}, Total: 4
Valor: a:6:{i:0;i:16;i:1;i:34;i:2;i:484;i:3;i:488;i:4;i:486;i:5;i:485;}, Total: 3
Valor: a:6:{i:0;i:27;i:1;i:27;i:2;i:29;i:3;i:30;i:4;i:31;i:5;i:32;}, Total: 2
Valor: a:6:{i:0;i:27;i:1;i:27;i:2;i:29;i:3;i:30;i:4;i:484;i:5;i:486;}, Total: 132
Valor: a:6:{i:0;i:27;i:1;i:27;i:2;i:29;i:3;i:31;i:4;i:484;i:5;i:486;}, Total: 78
Valor: a:6:{i:0;i:27;i:1;i:27;i:2;i:29;i:3;i:32;i:4;i:484;i:5;i:486;}, Total: 3
Valor: a:6:{i:0;i:27;i:1;i:27;i:2;i:30;i:3;i:31;i:4;i:484;i:5;i:486;}, Total: 41
Valor: a:6:{i:0;i:27;i:1;i:27;i:2;i:31;i:3;i:32;i:4;i:484;i:5;i:486;}, Total: 4
Valor: a:6:{i:0;i:27;i:1;i:27;i:2;i:40;i:3;i:40;i:4;i:29;i:5;i:32;}, Total: 2
Valor: a:6:{i:0;i:27;i:1;i:28;i:2;i:29;i:3;i:30;i:4;i:31;i:5;i:32;}, Total: 4
Valor: a:6:{i:0;i:27;i:1;i:28;i:2;i:29;i:3;i:30;i:4;i:484;i:5;i:487;}, Total: 2
Valor: a:6:{i:0;i:27;i:1;i:29;i:2;i:30;i:3;i:31;i:4;i:484;i:5;i:485;}, Total: 39
Valor: a:6:{i:0;i:27;i:1;i:29;i:2;i:30;i:3;i:31;i:4;i:484;i:5;i:486;}, Total: 33
Valor: a:6:{i:0;i:27;i:1;i:29;i:2;i:30;i:3;i:31;i:4;i:484;i:5;i:487;}, Total: 18
Valor: a:6:{i:0;i:27;i:1;i:29;i:2;i:30;i:3;i:31;i:4;i:484;i:5;i:488;}, Total: 25
Valor: a:6:{i:0;i:27;i:1;i:29;i:2;i:30;i:3;i:32;i:4;i:484;i:5;i:485;}, Total: 3
Valor: a:6:{i:0;i:27;i:1;i:29;i:2;i:30;i:3;i:32;i:4;i:484;i:5;i:486;}, Total: 7
Valor: a:6:{i:0;i:27;i:1;i:29;i:2;i:30;i:3;i:32;i:4;i:484;i:5;i:487;}, Total: 6
Valor: a:6:{i:0;i:27;i:1;i:29;i:2;i:30;i:3;i:484;i:4;i:486;i:5;i:33;}, Total: 2
Valor: a:6:{i:0;i:27;i:1;i:29;i:2;i:30;i:3;i:484;i:4;i:487;i:5;i:486;}, Total: 2
Valor: a:6:{i:0;i:27;i:1;i:29;i:2;i:31;i:3;i:32;i:4;i:484;i:5;i:485;}, Total: 2
Valor: a:6:{i:0;i:27;i:1;i:29;i:2;i:31;i:3;i:32;i:4;i:484;i:5;i:486;}, Total: 4
Valor: a:6:{i:0;i:27;i:1;i:30;i:2;i:31;i:3;i:32;i:4;i:484;i:5;i:485;}, Total: 6
Valor: a:6:{i:0;i:27;i:1;i:30;i:2;i:31;i:3;i:32;i:4;i:484;i:5;i:486;}, Total: 7
Valor: a:6:{i:0;i:27;i:1;i:30;i:2;i:31;i:3;i:32;i:4;i:484;i:5;i:488;}, Total: 4
Valor: a:6:{i:0;i:27;i:1;i:34;i:2;i:29;i:3;i:30;i:4;i:31;i:5;i:32;}, Total: 4
Valor: a:6:{i:0;i:27;i:1;i:34;i:2;i:30;i:3;i:31;i:4;i:484;i:5;i:486;}, Total: 7
Valor: a:6:{i:0;i:27;i:1;i:40;i:2;i:41;i:3;i:29;i:4;i:30;i:5;i:32;}, Total: 7
Valor: a:6:{i:0;i:27;i:1;i:40;i:2;i:41;i:3;i:30;i:4;i:31;i:5;i:32;}, Total: 2
Valor: a:6:{i:0;i:34;i:1;i:35;i:2;i:16;i:3;i:34;i:4;i:484;i:5;i:486;}, Total: 2
Valor: a:6:{i:0;i:34;i:1;i:35;i:2;i:36;i:3;i:34;i:4;i:484;i:5;i:486;}, Total: 25
Valor: a:6:{i:0;i:34;i:1;i:35;i:2;i:37;i:3;i:34;i:4;i:484;i:5;i:486;}, Total: 12
Valor: a:6:{i:0;i:34;i:1;i:36;i:2;i:34;i:3;i:34;i:4;i:484;i:5;i:486;}, Total: 2
Valor: a:6:{i:0;i:34;i:1;i:36;i:2;i:37;i:3;i:34;i:4;i:484;i:5;i:486;}, Total: 6
Valor: a:6:{i:0;i:34;i:1;i:36;i:2;i:38;i:3;i:34;i:4;i:484;i:5;i:486;}, Total: 2
Valor: a:6:{i:0;i:34;i:1;i:484;i:2;i:488;i:3;i:487;i:4;i:486;i:5;i:485;}, Total: 4
Valor: a:6:{i:0;s:2:"16";i:1;s:2:"17";i:2;s:2:"18";i:3;s:2:"20";i:4;s:2:"21";i:5;s:2:"24";}, Total: 4
Valor: a:6:{i:0;s:2:"16";i:1;s:2:"17";i:2;s:2:"18";i:3;s:2:"21";i:4;s:2:"24";i:5;s:2:"25";}, Total: 2
Valor: a:6:{i:0;s:2:"16";i:1;s:2:"17";i:2;s:2:"20";i:3;s:2:"21";i:4;s:3:"484";i:5;s:3:"488";}, Total: 10
Valor: a:6:{i:0;s:2:"16";i:1;s:2:"17";i:2;s:2:"20";i:3;s:3:"484";i:4;s:3:"486";i:5;s:3:"487";}, Total: 2
Valor: a:6:{i:0;s:2:"16";i:1;s:2:"17";i:2;s:3:"484";i:3;s:3:"485";i:4;s:3:"484";i:5;s:3:"485";}, Total: 3
Valor: a:6:{i:0;s:2:"16";i:1;s:2:"20";i:2;s:2:"22";i:3;s:2:"27";i:4;s:2:"31";i:5;s:2:"32";}, Total: 2
Valor: a:6:{i:0;s:2:"27";i:1;s:2:"31";i:2;s:3:"484";i:3;s:3:"485";i:4;s:3:"484";i:5;s:3:"485";}, Total: 6
Valor: a:6:{i:0;s:2:"27";i:1;s:2:"40";i:2;s:2:"41";i:3;s:2:"29";i:4;s:2:"30";i:5;s:2:"32";}, Total: 2
Valor: a:6:{i:0;s:2:"40";i:1;s:2:"16";i:2;s:2:"27";i:3;s:2:"34";i:4;s:3:"484";i:5;s:3:"486";}, Total: 2
Valor: a:7:{i:0;i:16;i:1;i:17;i:2;i:18;i:3;i:20;i:4;i:1579;i:5;i:21;i:6;i:24;}, Total: 2
Valor: a:7:{i:0;i:16;i:1;i:17;i:2;i:18;i:3;i:20;i:4;i:1579;i:5;i:21;i:6;i:34;}, Total: 2
Valor: a:7:{i:0;i:16;i:1;i:17;i:2;i:18;i:3;i:20;i:4;i:16;i:5;i:484;i:6;i:486;}, Total: 31
Valor: a:7:{i:0;i:16;i:1;i:17;i:2;i:18;i:3;i:20;i:4;i:16;i:5;i:484;i:6;i:488;}, Total: 4
Valor: a:7:{i:0;i:16;i:1;i:17;i:2;i:18;i:3;i:20;i:4;i:21;i:5;i:16;i:6;i:25;}, Total: 8
Valor: a:7:{i:0;i:16;i:1;i:17;i:2;i:18;i:3;i:20;i:4;i:21;i:5;i:22;i:6;i:16;}, Total: 4
Valor: a:7:{i:0;i:16;i:1;i:17;i:2;i:18;i:3;i:20;i:4;i:21;i:5;i:22;i:6;i:24;}, Total: 2
Valor: a:7:{i:0;i:16;i:1;i:17;i:2;i:18;i:3;i:20;i:4;i:21;i:5;i:22;i:6;i:27;}, Total: 5
Valor: a:7:{i:0;i:16;i:1;i:17;i:2;i:18;i:3;i:20;i:4;i:21;i:5;i:22;i:6;i:34;}, Total: 2
Valor: a:7:{i:0;i:16;i:1;i:17;i:2;i:18;i:3;i:20;i:4;i:21;i:5;i:23;i:6;i:34;}, Total: 2
Valor: a:7:{i:0;i:16;i:1;i:17;i:2;i:18;i:3;i:20;i:4;i:21;i:5;i:24;i:6;i:16;}, Total: 5
Valor: a:7:{i:0;i:16;i:1;i:17;i:2;i:18;i:3;i:20;i:4;i:21;i:5;i:24;i:6;i:34;}, Total: 3
Valor: a:7:{i:0;i:16;i:1;i:17;i:2;i:18;i:3;i:20;i:4;i:21;i:5;i:27;i:6;i:29;}, Total: 6
Valor: a:7:{i:0;i:16;i:1;i:17;i:2;i:18;i:3;i:20;i:4;i:21;i:5;i:27;i:6;i:31;}, Total: 6
Valor: a:7:{i:0;i:16;i:1;i:17;i:2;i:18;i:3;i:20;i:4;i:21;i:5;i:484;i:6;i:485;}, Total: 15
Valor: a:7:{i:0;i:16;i:1;i:17;i:2;i:18;i:3;i:20;i:4;i:21;i:5;i:484;i:6;i:486;}, Total: 36
Valor: a:7:{i:0;i:16;i:1;i:17;i:2;i:18;i:3;i:20;i:4;i:21;i:5;i:484;i:6;i:487;}, Total: 74
Valor: a:7:{i:0;i:16;i:1;i:17;i:2;i:18;i:3;i:20;i:4;i:21;i:5;i:484;i:6;i:488;}, Total: 59
Valor: a:7:{i:0;i:16;i:1;i:17;i:2;i:18;i:3;i:20;i:4;i:22;i:5;i:484;i:6;i:486;}, Total: 7
Valor: a:7:{i:0;i:16;i:1;i:17;i:2;i:18;i:3;i:20;i:4;i:22;i:5;i:484;i:6;i:488;}, Total: 15
Valor: a:7:{i:0;i:16;i:1;i:17;i:2;i:18;i:3;i:20;i:4;i:23;i:5;i:27;i:6;i:34;}, Total: 10
Valor: a:7:{i:0;i:16;i:1;i:17;i:2;i:18;i:3;i:20;i:4;i:27;i:5;i:29;i:6;i:30;}, Total: 3
Valor: a:7:{i:0;i:16;i:1;i:17;i:2;i:18;i:3;i:20;i:4;i:27;i:5;i:29;i:6;i:31;}, Total: 7
Valor: a:7:{i:0;i:16;i:1;i:17;i:2;i:18;i:3;i:20;i:4;i:27;i:5;i:29;i:6;i:32;}, Total: 3
Valor: a:7:{i:0;i:16;i:1;i:17;i:2;i:18;i:3;i:20;i:4;i:27;i:5;i:484;i:6;i:485;}, Total: 4
Valor: a:7:{i:0;i:16;i:1;i:17;i:2;i:18;i:3;i:20;i:4;i:27;i:5;i:484;i:6;i:486;}, Total: 17
Valor: a:7:{i:0;i:16;i:1;i:17;i:2;i:18;i:3;i:20;i:4;i:27;i:5;i:484;i:6;i:488;}, Total: 12
Valor: a:7:{i:0;i:16;i:1;i:17;i:2;i:18;i:3;i:20;i:4;i:34;i:5;i:484;i:6;i:486;}, Total: 3
Valor: a:7:{i:0;i:16;i:1;i:17;i:2;i:18;i:3;i:20;i:4;i:34;i:5;i:484;i:6;i:487;}, Total: 2
Valor: a:7:{i:0;i:16;i:1;i:17;i:2;i:18;i:3;i:20;i:4;i:34;i:5;i:484;i:6;i:488;}, Total: 26
Valor: a:7:{i:0;i:16;i:1;i:17;i:2;i:18;i:3;i:20;i:4;i:484;i:5;i:486;i:6;i:485;}, Total: 5
Valor: a:7:{i:0;i:16;i:1;i:17;i:2;i:18;i:3;i:20;i:4;i:484;i:5;i:486;i:6;i:488;}, Total: 3
Valor: a:7:{i:0;i:16;i:1;i:17;i:2;i:18;i:3;i:20;i:4;i:484;i:5;i:487;i:6;i:485;}, Total: 3
Valor: a:7:{i:0;i:16;i:1;i:17;i:2;i:18;i:3;i:20;i:4;i:484;i:5;i:487;i:6;i:486;}, Total: 3
Valor: a:7:{i:0;i:16;i:1;i:17;i:2;i:18;i:3;i:20;i:4;i:484;i:5;i:488;i:6;i:485;}, Total: 12
Valor: a:7:{i:0;i:16;i:1;i:17;i:2;i:18;i:3;i:20;i:4;i:484;i:5;i:488;i:6;i:486;}, Total: 39
Valor: a:7:{i:0;i:16;i:1;i:17;i:2;i:18;i:3;i:20;i:4;i:484;i:5;i:488;i:6;i:487;}, Total: 9
Valor: a:7:{i:0;i:16;i:1;i:17;i:2;i:18;i:3;i:21;i:4;i:16;i:5;i:484;i:6;i:486;}, Total: 5
Valor: a:7:{i:0;i:16;i:1;i:17;i:2;i:18;i:3;i:21;i:4;i:22;i:5;i:27;i:6;i:31;}, Total: 2
Valor: a:7:{i:0;i:16;i:1;i:17;i:2;i:18;i:3;i:21;i:4;i:23;i:5;i:27;i:6;i:34;}, Total: 3
Valor: a:7:{i:0;i:16;i:1;i:17;i:2;i:18;i:3;i:21;i:4;i:24;i:5;i:16;i:6;i:25;}, Total: 4
Valor: a:7:{i:0;i:16;i:1;i:17;i:2;i:18;i:3;i:21;i:4;i:27;i:5;i:29;i:6;i:30;}, Total: 6
Valor: a:7:{i:0;i:16;i:1;i:17;i:2;i:18;i:3;i:21;i:4;i:27;i:5;i:29;i:6;i:31;}, Total: 5
Valor: a:7:{i:0;i:16;i:1;i:17;i:2;i:18;i:3;i:21;i:4;i:27;i:5;i:29;i:6;i:32;}, Total: 3
Valor: a:7:{i:0;i:16;i:1;i:17;i:2;i:18;i:3;i:21;i:4;i:27;i:5;i:484;i:6;i:486;}, Total: 2
Valor: a:7:{i:0;i:16;i:1;i:17;i:2;i:18;i:3;i:21;i:4;i:34;i:5;i:484;i:6;i:485;}, Total: 2
Valor: a:7:{i:0;i:16;i:1;i:17;i:2;i:18;i:3;i:21;i:4;i:34;i:5;i:484;i:6;i:486;}, Total: 2
Valor: a:7:{i:0;i:16;i:1;i:17;i:2;i:18;i:3;i:27;i:4;i:29;i:5;i:31;i:6;i:32;}, Total: 3
Valor: a:7:{i:0;i:16;i:1;i:17;i:2;i:18;i:3;i:27;i:4;i:31;i:5;i:484;i:6;i:485;}, Total: 2
Valor: a:7:{i:0;i:16;i:1;i:17;i:2;i:18;i:3;i:27;i:4;i:31;i:5;i:484;i:6;i:488;}, Total: 5
Valor: a:7:{i:0;i:16;i:1;i:17;i:2;i:18;i:3;i:484;i:4;i:488;i:5;i:486;i:6;i:485;}, Total: 6
Valor: a:7:{i:0;i:16;i:1;i:17;i:2;i:20;i:3;i:16;i:4;i:25;i:5;i:484;i:6;i:487;}, Total: 6
Valor: a:7:{i:0;i:16;i:1;i:17;i:2;i:20;i:3;i:16;i:4;i:25;i:5;i:484;i:6;i:488;}, Total: 6
Valor: a:7:{i:0;i:16;i:1;i:17;i:2;i:20;i:3;i:21;i:4;i:16;i:5;i:484;i:6;i:486;}, Total: 11
Valor: a:7:{i:0;i:16;i:1;i:17;i:2;i:20;i:3;i:21;i:4;i:27;i:5;i:29;i:6;i:30;}, Total: 2
Valor: a:7:{i:0;i:16;i:1;i:17;i:2;i:20;i:3;i:21;i:4;i:27;i:5;i:34;i:6;i:31;}, Total: 2
Valor: a:7:{i:0;i:16;i:1;i:17;i:2;i:20;i:3;i:21;i:4;i:27;i:5;i:484;i:6;i:486;}, Total: 3
Valor: a:7:{i:0;i:16;i:1;i:17;i:2;i:20;i:3;i:21;i:4;i:34;i:5;i:484;i:6;i:488;}, Total: 3
Valor: a:7:{i:0;i:16;i:1;i:17;i:2;i:20;i:3;i:23;i:4;i:27;i:5;i:34;i:6;i:34;}, Total: 2
Valor: a:7:{i:0;i:16;i:1;i:17;i:2;i:20;i:3;i:27;i:4;i:29;i:5;i:30;i:6;i:31;}, Total: 2
Valor: a:7:{i:0;i:16;i:1;i:17;i:2;i:20;i:3;i:27;i:4;i:29;i:5;i:31;i:6;i:32;}, Total: 3
Valor: a:7:{i:0;i:16;i:1;i:17;i:2;i:20;i:3;i:27;i:4;i:31;i:5;i:484;i:6;i:488;}, Total: 5
Valor: a:7:{i:0;i:16;i:1;i:17;i:2;i:20;i:3;i:34;i:4;i:16;i:5;i:484;i:6;i:486;}, Total: 3
Valor: a:7:{i:0;i:16;i:1;i:17;i:2;i:21;i:3;i:22;i:4;i:16;i:5;i:484;i:6;i:486;}, Total: 2
Valor: a:7:{i:0;i:16;i:1;i:17;i:2;i:21;i:3;i:27;i:4;i:29;i:5;i:30;i:6;i:31;}, Total: 2
Valor: a:7:{i:0;i:16;i:1;i:17;i:2;i:21;i:3;i:27;i:4;i:31;i:5;i:484;i:6;i:486;}, Total: 3
Valor: a:7:{i:0;i:16;i:1;i:17;i:2;i:27;i:3;i:16;i:4;i:31;i:5;i:484;i:6;i:486;}, Total: 2
Valor: a:7:{i:0;i:16;i:1;i:17;i:2;i:27;i:3;i:30;i:4;i:31;i:5;i:484;i:6;i:488;}, Total: 2
Valor: a:7:{i:0;i:16;i:1;i:18;i:2;i:20;i:3;i:16;i:4;i:25;i:5;i:484;i:6;i:485;}, Total: 2
Valor: a:7:{i:0;i:16;i:1;i:18;i:2;i:20;i:3;i:21;i:4;i:16;i:5;i:484;i:6;i:486;}, Total: 22
Valor: a:7:{i:0;i:16;i:1;i:18;i:2;i:20;i:3;i:21;i:4;i:27;i:5;i:29;i:6;i:30;}, Total: 4
Valor: a:7:{i:0;i:16;i:1;i:18;i:2;i:20;i:3;i:21;i:4;i:27;i:5;i:29;i:6;i:31;}, Total: 6
Valor: a:7:{i:0;i:16;i:1;i:18;i:2;i:20;i:3;i:21;i:4;i:27;i:5;i:29;i:6;i:32;}, Total: 2
Valor: a:7:{i:0;i:16;i:1;i:18;i:2;i:20;i:3;i:21;i:4;i:27;i:5;i:484;i:6;i:485;}, Total: 3
Valor: a:7:{i:0;i:16;i:1;i:18;i:2;i:20;i:3;i:21;i:4;i:34;i:5;i:484;i:6;i:486;}, Total: 5
Valor: a:7:{i:0;i:16;i:1;i:18;i:2;i:20;i:3;i:21;i:4;i:34;i:5;i:484;i:6;i:488;}, Total: 5
Valor: a:7:{i:0;i:16;i:1;i:18;i:2;i:20;i:3;i:21;i:4;i:484;i:5;i:486;i:6;i:485;}, Total: 2
Valor: a:7:{i:0;i:16;i:1;i:18;i:2;i:20;i:3;i:21;i:4;i:484;i:5;i:486;i:6;i:486;}, Total: 2
Valor: a:7:{i:0;i:16;i:1;i:18;i:2;i:20;i:3;i:21;i:4;i:484;i:5;i:487;i:6;i:486;}, Total: 3
Valor: a:7:{i:0;i:16;i:1;i:18;i:2;i:20;i:3;i:21;i:4;i:484;i:5;i:488;i:6;i:486;}, Total: 2
Valor: a:7:{i:0;i:16;i:1;i:18;i:2;i:20;i:3;i:23;i:4;i:27;i:5;i:34;i:6;i:34;}, Total: 2
Valor: a:7:{i:0;i:16;i:1;i:18;i:2;i:20;i:3;i:27;i:4;i:16;i:5;i:484;i:6;i:486;}, Total: 5
Valor: a:7:{i:0;i:16;i:1;i:18;i:2;i:20;i:3;i:27;i:4;i:29;i:5;i:30;i:6;i:31;}, Total: 3
Valor: a:7:{i:0;i:16;i:1;i:18;i:2;i:20;i:3;i:27;i:4;i:29;i:5;i:31;i:6;i:32;}, Total: 3
Valor: a:7:{i:0;i:16;i:1;i:18;i:2;i:20;i:3;i:27;i:4;i:31;i:5;i:484;i:6;i:485;}, Total: 4
Valor: a:7:{i:0;i:16;i:1;i:18;i:2;i:20;i:3;i:27;i:4;i:31;i:5;i:484;i:6;i:486;}, Total: 2
Valor: a:7:{i:0;i:16;i:1;i:18;i:2;i:20;i:3;i:27;i:4;i:31;i:5;i:484;i:6;i:488;}, Total: 11
Valor: a:7:{i:0;i:16;i:1;i:18;i:2;i:20;i:3;i:27;i:4;i:34;i:5;i:484;i:6;i:486;}, Total: 2
Valor: a:7:{i:0;i:16;i:1;i:18;i:2;i:20;i:3;i:27;i:4;i:484;i:5;i:488;i:6;i:485;}, Total: 2
Valor: a:7:{i:0;i:16;i:1;i:18;i:2;i:20;i:3;i:34;i:4;i:16;i:5;i:484;i:6;i:486;}, Total: 2
Valor: a:7:{i:0;i:16;i:1;i:18;i:2;i:20;i:3;i:34;i:4;i:484;i:5;i:486;i:6;i:485;}, Total: 2
Valor: a:7:{i:0;i:16;i:1;i:18;i:2;i:20;i:3;i:484;i:4;i:488;i:5;i:486;i:6;i:485;}, Total: 8
Valor: a:7:{i:0;i:16;i:1;i:18;i:2;i:21;i:3;i:27;i:4;i:29;i:5;i:30;i:6;i:32;}, Total: 2
Valor: a:7:{i:0;i:16;i:1;i:18;i:2;i:21;i:3;i:27;i:4;i:29;i:5;i:31;i:6;i:32;}, Total: 2
Valor: a:7:{i:0;i:16;i:1;i:18;i:2;i:21;i:3;i:34;i:4;i:16;i:5;i:484;i:6;i:486;}, Total: 2
Valor: a:7:{i:0;i:16;i:1;i:18;i:2;i:27;i:3;i:16;i:4;i:31;i:5;i:484;i:6;i:486;}, Total: 11
Valor: a:7:{i:0;i:16;i:1;i:18;i:2;i:27;i:3;i:484;i:4;i:488;i:5;i:486;i:6;i:485;}, Total: 10
Valor: a:7:{i:0;i:16;i:1;i:18;i:2;i:484;i:3;i:488;i:4;i:487;i:5;i:486;i:6;i:485;}, Total: 2
Valor: a:7:{i:0;i:16;i:1;i:20;i:2;i:16;i:3;i:16;i:4;i:25;i:5;i:484;i:6;i:486;}, Total: 6
Valor: a:7:{i:0;i:16;i:1;i:20;i:2;i:16;i:3;i:25;i:4;i:40;i:5;i:41;i:6;i:42;}, Total: 2
Valor: a:7:{i:0;i:16;i:1;i:20;i:2;i:16;i:3;i:25;i:4;i:484;i:5;i:487;i:6;i:485;}, Total: 4
Valor: a:7:{i:0;i:16;i:1;i:20;i:2;i:16;i:3;i:484;i:4;i:486;i:5;i:488;i:6;i:485;}, Total: 6
Valor: a:7:{i:0;i:16;i:1;i:20;i:2;i:21;i:3;i:16;i:4;i:25;i:5;i:484;i:6;i:487;}, Total: 10
Valor: a:7:{i:0;i:16;i:1;i:20;i:2;i:21;i:3;i:22;i:4;i:27;i:5;i:29;i:6;i:32;}, Total: 4
Valor: a:7:{i:0;i:16;i:1;i:20;i:2;i:21;i:3;i:27;i:4;i:29;i:5;i:30;i:6;i:31;}, Total: 5
Valor: a:7:{i:0;i:16;i:1;i:20;i:2;i:21;i:3;i:27;i:4;i:29;i:5;i:30;i:6;i:32;}, Total: 2
Valor: a:7:{i:0;i:16;i:1;i:20;i:2;i:21;i:3;i:27;i:4;i:34;i:5;i:29;i:6;i:30;}, Total: 5
Valor: a:7:{i:0;i:16;i:1;i:20;i:2;i:21;i:3;i:27;i:4;i:34;i:5;i:29;i:6;i:32;}, Total: 3
Valor: a:7:{i:0;i:16;i:1;i:20;i:2;i:22;i:3;i:27;i:4;i:31;i:5;i:484;i:6;i:486;}, Total: 3
Valor: a:7:{i:0;i:16;i:1;i:20;i:2;i:22;i:3;i:27;i:4;i:31;i:5;i:484;i:6;i:488;}, Total: 2
Valor: a:7:{i:0;i:16;i:1;i:20;i:2;i:23;i:3;i:27;i:4;i:34;i:5;i:39;i:6;i:31;}, Total: 3
Valor: a:7:{i:0;i:16;i:1;i:20;i:2;i:27;i:3;i:16;i:4;i:27;i:5;i:484;i:6;i:486;}, Total: 2
Valor: a:7:{i:0;i:16;i:1;i:20;i:2;i:27;i:3;i:16;i:4;i:31;i:5;i:484;i:6;i:486;}, Total: 4
Valor: a:7:{i:0;i:16;i:1;i:20;i:2;i:27;i:3;i:27;i:4;i:31;i:5;i:484;i:6;i:486;}, Total: 10
Valor: a:7:{i:0;i:16;i:1;i:20;i:2;i:27;i:3;i:29;i:4;i:30;i:5;i:484;i:6;i:486;}, Total: 2
Valor: a:7:{i:0;i:16;i:1;i:20;i:2;i:27;i:3;i:29;i:4;i:30;i:5;i:484;i:6;i:487;}, Total: 2
Valor: a:7:{i:0;i:16;i:1;i:20;i:2;i:27;i:3;i:29;i:4;i:31;i:5;i:484;i:6;i:485;}, Total: 2
Valor: a:7:{i:0;i:16;i:1;i:20;i:2;i:27;i:3;i:29;i:4;i:31;i:5;i:484;i:6;i:486;}, Total: 2
Valor: a:7:{i:0;i:16;i:1;i:20;i:2;i:27;i:3;i:29;i:4;i:31;i:5;i:484;i:6;i:488;}, Total: 2
Valor: a:7:{i:0;i:16;i:1;i:20;i:2;i:27;i:3;i:34;i:4;i:31;i:5;i:484;i:6;i:486;}, Total: 2
Valor: a:7:{i:0;i:16;i:1;i:20;i:2;i:34;i:3;i:16;i:4;i:25;i:5;i:484;i:6;i:487;}, Total: 3
Valor: a:7:{i:0;i:16;i:1;i:20;i:2;i:34;i:3;i:35;i:4;i:37;i:5;i:16;i:6;i:34;}, Total: 3
Valor: a:7:{i:0;i:16;i:1;i:21;i:2;i:27;i:3;i:16;i:4;i:25;i:5;i:29;i:6;i:30;}, Total: 2
Valor: a:7:{i:0;i:16;i:1;i:21;i:2;i:27;i:3;i:16;i:4;i:31;i:5;i:484;i:6;i:486;}, Total: 2
Valor: a:7:{i:0;i:16;i:1;i:21;i:2;i:27;i:3;i:29;i:4;i:30;i:5;i:31;i:6;i:32;}, Total: 2
Valor: a:7:{i:0;i:16;i:1;i:21;i:2;i:27;i:3;i:29;i:4;i:31;i:5;i:484;i:6;i:486;}, Total: 2
Valor: a:7:{i:0;i:16;i:1;i:21;i:2;i:27;i:3;i:30;i:4;i:31;i:5;i:484;i:6;i:486;}, Total: 2
Valor: a:7:{i:0;i:16;i:1;i:21;i:2;i:27;i:3;i:34;i:4;i:29;i:5;i:30;i:6;i:32;}, Total: 2
Valor: a:7:{i:0;i:16;i:1;i:21;i:2;i:27;i:3;i:34;i:4;i:29;i:5;i:484;i:6;i:486;}, Total: 2
Valor: a:7:{i:0;i:16;i:1;i:27;i:2;i:27;i:3;i:29;i:4;i:30;i:5;i:484;i:6;i:486;}, Total: 6
Valor: a:7:{i:0;i:16;i:1;i:27;i:2;i:27;i:3;i:30;i:4;i:31;i:5;i:484;i:6;i:486;}, Total: 2
Valor: a:7:{i:0;i:16;i:1;i:27;i:2;i:29;i:3;i:30;i:4;i:31;i:5;i:484;i:6;i:486;}, Total: 3
Valor: a:7:{i:0;i:16;i:1;i:27;i:2;i:29;i:3;i:30;i:4;i:31;i:5;i:484;i:6;i:487;}, Total: 2
Valor: a:7:{i:0;i:16;i:1;i:27;i:2;i:29;i:3;i:30;i:4;i:31;i:5;i:484;i:6;i:488;}, Total: 4
Valor: a:7:{i:0;i:27;i:1;i:16;i:2;i:27;i:3;i:29;i:4;i:31;i:5;i:484;i:6;i:486;}, Total: 3
Valor: a:7:{i:0;i:27;i:1;i:16;i:2;i:29;i:3;i:30;i:4;i:31;i:5;i:484;i:6;i:486;}, Total: 3
Valor: a:7:{i:0;i:27;i:1;i:27;i:2;i:29;i:3;i:30;i:4;i:31;i:5;i:484;i:6;i:486;}, Total: 188
Valor: a:7:{i:0;i:27;i:1;i:27;i:2;i:29;i:3;i:30;i:4;i:32;i:5;i:484;i:6;i:486;}, Total: 11
Valor: a:7:{i:0;i:27;i:1;i:27;i:2;i:29;i:3;i:30;i:4;i:484;i:5;i:486;i:6;i:487;}, Total: 3
Valor: a:7:{i:0;i:27;i:1;i:27;i:2;i:29;i:3;i:31;i:4;i:32;i:5;i:484;i:6;i:486;}, Total: 18
Valor: a:7:{i:0;i:27;i:1;i:27;i:2;i:30;i:3;i:31;i:4;i:32;i:5;i:484;i:6;i:486;}, Total: 5
Valor: a:7:{i:0;i:27;i:1;i:27;i:2;i:30;i:3;i:31;i:4;i:484;i:5;i:486;i:6;i:487;}, Total: 2
Valor: a:7:{i:0;i:27;i:1;i:27;i:2;i:34;i:3;i:29;i:4;i:31;i:5;i:484;i:6;i:486;}, Total: 2
Valor: a:7:{i:0;i:27;i:1;i:29;i:2;i:30;i:3;i:31;i:4;i:32;i:5;i:484;i:6;i:485;}, Total: 7
Valor: a:7:{i:0;i:27;i:1;i:29;i:2;i:30;i:3;i:31;i:4;i:32;i:5;i:484;i:6;i:486;}, Total: 7
Valor: a:7:{i:0;i:27;i:1;i:29;i:2;i:30;i:3;i:31;i:4;i:32;i:5;i:484;i:6;i:487;}, Total: 3
Valor: a:7:{i:0;i:27;i:1;i:29;i:2;i:30;i:3;i:31;i:4;i:32;i:5;i:484;i:6;i:488;}, Total: 2
Valor: a:7:{i:0;i:27;i:1;i:29;i:2;i:30;i:3;i:31;i:4;i:484;i:5;i:486;i:6;i:33;}, Total: 2
Valor: a:7:{i:0;i:27;i:1;i:29;i:2;i:30;i:3;i:31;i:4;i:484;i:5;i:487;i:6;i:486;}, Total: 2
Valor: a:7:{i:0;i:34;i:1;i:35;i:2;i:36;i:3;i:37;i:4;i:34;i:5;i:484;i:6;i:486;}, Total: 4
Valor: a:7:{i:0;i:34;i:1;i:36;i:2;i:34;i:3;i:484;i:4;i:486;i:5;i:487;i:6;i:485;}, Total: 2
Valor: a:8:{i:0;i:16;i:1;i:17;i:2;i:18;i:3;i:20;i:4;i:16;i:5;i:484;i:6;i:486;i:7;i:485;}, Total: 2
Valor: a:8:{i:0;i:16;i:1;i:17;i:2;i:18;i:3;i:20;i:4;i:21;i:5;i:16;i:6;i:484;i:7;i:486;}, Total: 34
Valor: a:8:{i:0;i:16;i:1;i:17;i:2;i:18;i:3;i:20;i:4;i:21;i:5;i:16;i:6;i:484;i:7;i:487;}, Total: 2
Valor: a:8:{i:0;i:16;i:1;i:17;i:2;i:18;i:3;i:20;i:4;i:21;i:5;i:22;i:6;i:484;i:7;i:486;}, Total: 15
Valor: a:8:{i:0;i:16;i:1;i:17;i:2;i:18;i:3;i:20;i:4;i:21;i:5;i:22;i:6;i:484;i:7;i:487;}, Total: 7
Valor: a:8:{i:0;i:16;i:1;i:17;i:2;i:18;i:3;i:20;i:4;i:21;i:5;i:22;i:6;i:484;i:7;i:488;}, Total: 2
Valor: a:8:{i:0;i:16;i:1;i:17;i:2;i:18;i:3;i:20;i:4;i:21;i:5;i:24;i:6;i:484;i:7;i:486;}, Total: 3
Valor: a:8:{i:0;i:16;i:1;i:17;i:2;i:18;i:3;i:20;i:4;i:21;i:5;i:27;i:6;i:16;i:7;i:31;}, Total: 2
Valor: a:8:{i:0;i:16;i:1;i:17;i:2;i:18;i:3;i:20;i:4;i:21;i:5;i:27;i:6;i:29;i:7;i:30;}, Total: 8
Valor: a:8:{i:0;i:16;i:1;i:17;i:2;i:18;i:3;i:20;i:4;i:21;i:5;i:27;i:6;i:29;i:7;i:31;}, Total: 13
Valor: a:8:{i:0;i:16;i:1;i:17;i:2;i:18;i:3;i:20;i:4;i:21;i:5;i:27;i:6;i:29;i:7;i:32;}, Total: 3
Valor: a:8:{i:0;i:16;i:1;i:17;i:2;i:18;i:3;i:20;i:4;i:21;i:5;i:27;i:6;i:34;i:7;i:31;}, Total: 2
Valor: a:8:{i:0;i:16;i:1;i:17;i:2;i:18;i:3;i:20;i:4;i:21;i:5;i:27;i:6;i:484;i:7;i:486;}, Total: 7
Valor: a:8:{i:0;i:16;i:1;i:17;i:2;i:18;i:3;i:20;i:4;i:21;i:5;i:34;i:6;i:484;i:7;i:486;}, Total: 6
Valor: a:8:{i:0;i:16;i:1;i:17;i:2;i:18;i:3;i:20;i:4;i:21;i:5;i:34;i:6;i:484;i:7;i:488;}, Total: 4
Valor: a:8:{i:0;i:16;i:1;i:17;i:2;i:18;i:3;i:20;i:4;i:21;i:5;i:484;i:6;i:486;i:7;i:488;}, Total: 3
Valor: a:8:{i:0;i:16;i:1;i:17;i:2;i:18;i:3;i:20;i:4;i:21;i:5;i:484;i:6;i:487;i:7;i:486;}, Total: 2
Valor: a:8:{i:0;i:16;i:1;i:17;i:2;i:18;i:3;i:20;i:4;i:21;i:5;i:484;i:6;i:488;i:7;i:486;}, Total: 3
Valor: a:8:{i:0;i:16;i:1;i:17;i:2;i:18;i:3;i:20;i:4;i:27;i:5;i:31;i:6;i:484;i:7;i:488;}, Total: 6
Valor: a:8:{i:0;i:16;i:1;i:17;i:2;i:18;i:3;i:20;i:4;i:484;i:5;i:488;i:6;i:486;i:7;i:485;}, Total: 3
Valor: a:8:{i:0;i:16;i:1;i:17;i:2;i:18;i:3;i:21;i:4;i:27;i:5;i:16;i:6;i:484;i:7;i:486;}, Total: 2
Valor: a:8:{i:0;i:16;i:1;i:17;i:2;i:18;i:3;i:21;i:4;i:27;i:5;i:29;i:6;i:31;i:7;i:32;}, Total: 2
Valor: a:8:{i:0;i:16;i:1;i:17;i:2;i:18;i:3;i:27;i:4;i:16;i:5;i:31;i:6;i:484;i:7;i:486;}, Total: 2
Valor: a:8:{i:0;i:16;i:1;i:17;i:2;i:18;i:3;i:34;i:4;i:484;i:5;i:488;i:6;i:486;i:7;i:485;}, Total: 2
Valor: a:8:{i:0;i:16;i:1;i:17;i:2;i:20;i:3;i:16;i:4;i:17;i:5;i:20;i:6;i:484;i:7;i:488;}, Total: 3
Valor: a:8:{i:0;i:16;i:1;i:17;i:2;i:20;i:3;i:21;i:4;i:16;i:5;i:25;i:6;i:484;i:7;i:487;}, Total: 2
Valor: a:8:{i:0;i:16;i:1;i:17;i:2;i:20;i:3;i:21;i:4;i:22;i:5;i:16;i:6;i:484;i:7;i:486;}, Total: 2
Valor: a:8:{i:0;i:16;i:1;i:17;i:2;i:20;i:3;i:21;i:4;i:22;i:5;i:27;i:6;i:484;i:7;i:486;}, Total: 4
Valor: a:8:{i:0;i:16;i:1;i:17;i:2;i:20;i:3;i:21;i:4;i:27;i:5;i:31;i:6;i:484;i:7;i:486;}, Total: 2
Valor: a:8:{i:0;i:16;i:1;i:17;i:2;i:21;i:3;i:22;i:4;i:16;i:5;i:484;i:6;i:486;i:7;i:488;}, Total: 2
Valor: a:8:{i:0;i:16;i:1;i:18;i:2;i:16;i:3;i:18;i:4;i:27;i:5;i:27;i:6;i:29;i:7;i:30;}, Total: 2
Valor: a:8:{i:0;i:16;i:1;i:18;i:2;i:20;i:3;i:16;i:4;i:484;i:5;i:486;i:6;i:488;i:7;i:485;}, Total: 2
Valor: a:8:{i:0;i:16;i:1;i:18;i:2;i:20;i:3;i:21;i:4;i:22;i:5;i:16;i:6;i:484;i:7;i:486;}, Total: 2
Valor: a:8:{i:0;i:16;i:1;i:18;i:2;i:20;i:3;i:21;i:4;i:27;i:5;i:29;i:6;i:30;i:7;i:31;}, Total: 2
Valor: a:8:{i:0;i:16;i:1;i:18;i:2;i:20;i:3;i:27;i:4;i:34;i:5;i:31;i:6;i:484;i:7;i:486;}, Total: 2
Valor: a:8:{i:0;i:16;i:1;i:18;i:2;i:20;i:3;i:27;i:4;i:484;i:5;i:488;i:6;i:486;i:7;i:485;}, Total: 3
Valor: a:8:{i:0;i:16;i:1;i:20;i:2;i:16;i:3;i:25;i:4;i:40;i:5;i:41;i:6;i:484;i:7;i:487;}, Total: 3
Valor: a:8:{i:0;i:16;i:1;i:20;i:2;i:21;i:3;i:16;i:4;i:20;i:5;i:21;i:6;i:484;i:7;i:488;}, Total: 3
Valor: a:8:{i:0;i:16;i:1;i:20;i:2;i:21;i:3;i:22;i:4;i:27;i:5;i:31;i:6;i:484;i:7;i:488;}, Total: 3
Valor: a:8:{i:0;i:16;i:1;i:20;i:2;i:21;i:3;i:27;i:4;i:34;i:5;i:34;i:6;i:30;i:7;i:31;}, Total: 2
Valor: a:8:{i:0;i:16;i:1;i:20;i:2;i:23;i:3;i:27;i:4;i:29;i:5;i:32;i:6;i:484;i:7;i:486;}, Total: 2
Valor: a:8:{i:0;i:16;i:1;i:20;i:2;i:27;i:3;i:29;i:4;i:30;i:5;i:32;i:6;i:484;i:7;i:486;}, Total: 2
Valor: a:8:{i:0;i:16;i:1;i:21;i:2;i:27;i:3;i:30;i:4;i:31;i:5;i:32;i:6;i:484;i:7;i:486;}, Total: 2
Valor: a:8:{i:0;i:16;i:1;i:21;i:2;i:27;i:3;i:34;i:4;i:29;i:5;i:30;i:6;i:484;i:7;i:487;}, Total: 2
Valor: a:8:{i:0;i:16;i:1;i:27;i:2;i:27;i:3;i:29;i:4;i:30;i:5;i:31;i:6;i:484;i:7;i:486;}, Total: 6
Valor: a:8:{i:0;i:27;i:1;i:27;i:2;i:29;i:3;i:30;i:4;i:31;i:5;i:32;i:6;i:484;i:7;i:486;}, Total: 39
Valor: a:8:{i:0;i:27;i:1;i:40;i:2;i:41;i:3;i:30;i:4;i:31;i:5;i:32;i:6;i:484;i:7;i:488;}, Total: 2
Valor: a:9:{i:0;i:16;i:1;i:17;i:2;i:18;i:3;i:20;i:4;i:21;i:5;i:22;i:6;i:16;i:7;i:484;i:8;i:486;}, Total: 3
Valor: a:9:{i:0;i:16;i:1;i:17;i:2;i:18;i:3;i:20;i:4;i:21;i:5;i:22;i:6;i:27;i:7;i:29;i:8;i:32;}, Total: 2
Valor: a:9:{i:0;i:16;i:1;i:17;i:2;i:18;i:3;i:20;i:4;i:21;i:5;i:22;i:6;i:34;i:7;i:484;i:8;i:488;}, Total: 3
Valor: a:9:{i:0;i:16;i:1;i:17;i:2;i:18;i:3;i:20;i:4;i:21;i:5;i:24;i:6;i:34;i:7;i:484;i:8;i:488;}, Total: 2
Valor: a:9:{i:0;i:16;i:1;i:17;i:2;i:18;i:3;i:20;i:4;i:21;i:5;i:27;i:6;i:29;i:7;i:30;i:8;i:32;}, Total: 2
Valor: a:9:{i:0;i:16;i:1;i:17;i:2;i:18;i:3;i:20;i:4;i:21;i:5;i:27;i:6;i:29;i:7;i:31;i:8;i:32;}, Total: 2
Valor: a:9:{i:0;i:16;i:1;i:17;i:2;i:18;i:3;i:20;i:4;i:21;i:5;i:27;i:6;i:30;i:7;i:484;i:8;i:486;}, Total: 2
Valor: a:9:{i:0;i:16;i:1;i:17;i:2;i:18;i:3;i:20;i:4;i:21;i:5;i:27;i:6;i:31;i:7;i:484;i:8;i:488;}, Total: 2
Valor: a:9:{i:0;i:16;i:1;i:17;i:2;i:18;i:3;i:20;i:4;i:21;i:5;i:34;i:6;i:16;i:7;i:484;i:8;i:486;}, Total: 3
Valor: a:9:{i:0;i:16;i:1;i:17;i:2;i:20;i:3;i:21;i:4;i:27;i:5;i:16;i:6;i:31;i:7;i:484;i:8;i:486;}, Total: 2
Valor: a:9:{i:0;i:16;i:1;i:20;i:2;i:21;i:3;i:27;i:4;i:16;i:5;i:29;i:6;i:30;i:7;i:484;i:8;i:486;}, Total: 2
Valor: a:9:{i:0;i:16;i:1;i:20;i:2;i:21;i:3;i:27;i:4;i:29;i:5;i:30;i:6;i:31;i:7;i:484;i:8;i:486;}, Total: 2
